{"e:\\Engineering\\Research\\Programming\\Andela\\Stackup\\Papel\\server\\app.js":{"path":"e:\\Engineering\\Research\\Programming\\Andela\\Stackup\\Papel\\server\\app.js","statementMap":{"0":{"start":{"line":3,"column":0},"end":{"line":5,"column":3}},"1":{"start":{"line":6,"column":0},"end":{"line":6,"column":28}},"2":{"start":{"line":8,"column":15},"end":{"line":8,"column":57}},"3":{"start":{"line":10,"column":18},"end":{"line":10,"column":64}},"4":{"start":{"line":12,"column":14},"end":{"line":12,"column":55}},"5":{"start":{"line":14,"column":17},"end":{"line":14,"column":70}},"6":{"start":{"line":16,"column":20},"end":{"line":16,"column":76}},"7":{"start":{"line":18,"column":19},"end":{"line":18,"column":74}},"8":{"start":{"line":20,"column":18},"end":{"line":20,"column":72}},"9":{"start":{"line":22,"column":39},"end":{"line":22,"column":95}},"10":{"start":{"line":24,"column":0},"end":{"line":24,"column":28}},"11":{"start":{"line":26,"column":10},"end":{"line":26,"column":36}},"12":{"start":{"line":29,"column":0},"end":{"line":29,"column":48}},"13":{"start":{"line":30,"column":0},"end":{"line":32,"column":4}},"14":{"start":{"line":33,"column":0},"end":{"line":33,"column":39}},"15":{"start":{"line":34,"column":0},"end":{"line":34,"column":44}},"16":{"start":{"line":35,"column":0},"end":{"line":35,"column":51}},"17":{"start":{"line":36,"column":0},"end":{"line":36,"column":54}},"18":{"start":{"line":37,"column":0},"end":{"line":37,"column":46}},"19":{"start":{"line":38,"column":15},"end":{"line":38,"column":18}},"20":{"start":{"line":39,"column":0},"end":{"line":39,"column":30}}},"fnMap":{"0":{"name":"_interopRequireDefault","decl":{"start":{"line":22,"column":9},"end":{"line":22,"column":31}},"loc":{"start":{"line":22,"column":37},"end":{"line":22,"column":97}},"line":22}},"branchMap":{"0":{"loc":{"start":{"line":22,"column":46},"end":{"line":22,"column":94}},"type":"cond-expr","locations":[{"start":{"line":22,"column":70},"end":{"line":22,"column":73}},{"start":{"line":22,"column":76},"end":{"line":22,"column":94}}],"line":22},"1":{"loc":{"start":{"line":22,"column":46},"end":{"line":22,"column":67}},"type":"binary-expr","locations":[{"start":{"line":22,"column":46},"end":{"line":22,"column":49}},{"start":{"line":22,"column":53},"end":{"line":22,"column":67}}],"line":22}},"s":{"0":1,"1":1,"2":1,"3":1,"4":1,"5":1,"6":1,"7":1,"8":1,"9":7,"10":1,"11":1,"12":1,"13":1,"14":1,"15":1,"16":1,"17":1,"18":1,"19":1,"20":1},"f":{"0":7},"b":{"0":[4,3],"1":[7,7]},"inputSourceMap":{"version":3,"sources":["app.js"],"names":["dontenv","config","app","use","express","bodyParser","urlencoded","extended","json","authRouter","accountRouter","transRouter","userRouter"],"mappings":";;;;;;;AAAA;;AACA;;AACA;;AACA;;AACA;;AACA;;AACA;;;;AAEAA,mBAAQC,MAAR;;AAEA,IAAMC,GAAG,GAAG,0BAAZ,C,CAAuB;AAEvB;;AACAA,GAAG,CAACC,GAAJ,CAAQC,8BAAe,OAAf,CAAR;AACAF,GAAG,CAACC,GAAJ,CAAQE,uBAAWC,UAAX,CAAsB;AAAEC,EAAAA,QAAQ,EAAE;AAAZ,CAAtB,CAAR;AACAL,GAAG,CAACC,GAAJ,CAAQE,uBAAWG,IAAX,EAAR;AACAN,GAAG,CAACC,GAAJ,CAAQ,WAAR,EAAqBM,qBAArB;AACAP,GAAG,CAACC,GAAJ,CAAQ,eAAR,EAAyBO,wBAAzB;AACAR,GAAG,CAACC,GAAJ,CAAQ,mBAAR,EAA6BQ,uBAA7B;AACAT,GAAG,CAACC,GAAJ,CAAQ,YAAR,EAAsBS,sBAAtB;eAEeV,G","sourceRoot":"e:\\Engineering\\Research\\Programming\\Andela\\Stackup\\Papel\\server","sourcesContent":["import express from 'express';\r\nimport bodyParser from 'body-parser';\r\nimport dontenv from 'dotenv';\r\nimport authRouter from './routes/authRoute';\r\nimport accountRouter from './routes/accountRoute';\r\nimport transRouter from './routes/transRoutes';\r\nimport userRouter from './routes/userRoutes';\r\n\r\ndontenv.config();\r\n\r\nconst app = express(); // create express application\r\n\r\n// routes\r\napp.use(express.static('utils'));\r\napp.use(bodyParser.urlencoded({ extended: false }));\r\napp.use(bodyParser.json());\r\napp.use('/api/auth', authRouter);\r\napp.use('/api/accounts', accountRouter);\r\napp.use('/api/transactions', transRouter);\r\napp.use('/api/users', userRouter);\r\n\r\nexport default app;\r\n"]},"_coverageSchema":"1a1c01bbd47fc00a2c39e90264f33305004495a9","hash":"b07f436bdbe2c7a0007c13bc81d411cbe9b26449","contentHash":"7dc449001ba82e93a79e5e45250d8e164dd707d09a5481404f3b49bf5efaee7d"},"e:\\Engineering\\Research\\Programming\\Andela\\Stackup\\Papel\\server\\routes\\authRoute.js":{"path":"e:\\Engineering\\Research\\Programming\\Andela\\Stackup\\Papel\\server\\routes\\authRoute.js","statementMap":{"0":{"start":{"line":3,"column":0},"end":{"line":5,"column":3}},"1":{"start":{"line":6,"column":0},"end":{"line":6,"column":28}},"2":{"start":{"line":8,"column":15},"end":{"line":8,"column":57}},"3":{"start":{"line":10,"column":22},"end":{"line":10,"column":62}},"4":{"start":{"line":12,"column":17},"end":{"line":12,"column":51}},"5":{"start":{"line":14,"column":39},"end":{"line":14,"column":95}},"6":{"start":{"line":16,"column":17},"end":{"line":16,"column":45}},"7":{"start":{"line":18,"column":0},"end":{"line":18,"column":78}},"8":{"start":{"line":19,"column":0},"end":{"line":19,"column":75}},"9":{"start":{"line":20,"column":0},"end":{"line":20,"column":50}},"10":{"start":{"line":21,"column":0},"end":{"line":21,"column":68}},"11":{"start":{"line":22,"column":0},"end":{"line":22,"column":64}},"12":{"start":{"line":23,"column":0},"end":{"line":23,"column":77}},"13":{"start":{"line":24,"column":15},"end":{"line":24,"column":25}},"14":{"start":{"line":25,"column":0},"end":{"line":25,"column":30}}},"fnMap":{"0":{"name":"_interopRequireDefault","decl":{"start":{"line":14,"column":9},"end":{"line":14,"column":31}},"loc":{"start":{"line":14,"column":37},"end":{"line":14,"column":97}},"line":14}},"branchMap":{"0":{"loc":{"start":{"line":14,"column":46},"end":{"line":14,"column":94}},"type":"cond-expr","locations":[{"start":{"line":14,"column":70},"end":{"line":14,"column":73}},{"start":{"line":14,"column":76},"end":{"line":14,"column":94}}],"line":14},"1":{"loc":{"start":{"line":14,"column":46},"end":{"line":14,"column":67}},"type":"binary-expr","locations":[{"start":{"line":14,"column":46},"end":{"line":14,"column":49}},{"start":{"line":14,"column":53},"end":{"line":14,"column":67}}],"line":14}},"s":{"0":1,"1":1,"2":1,"3":1,"4":1,"5":1,"6":1,"7":1,"8":1,"9":1,"10":1,"11":1,"12":1,"13":1,"14":1},"f":{"0":1},"b":{"0":[0,1],"1":[1,1]},"inputSourceMap":{"version":3,"sources":["authRoute.js"],"names":["authRouter","express","Router","post","validateSignup","signup","validateLogin","login","get","logout","forgotPassword","buildResetPage","resetPassword"],"mappings":";;;;;;;AAAA;;AACA;;AAQA;;;;AAEA,IAAMA,UAAU,GAAGC,oBAAQC,MAAR,EAAnB;;AACAF,UAAU,CAACG,IAAX,CAAgB,SAAhB,EAA2BC,yBAA3B,EAA2CC,sBAA3C;AACAL,UAAU,CAACG,IAAX,CAAgB,QAAhB,EAA0BG,wBAA1B,EAAyCC,qBAAzC;AACAP,UAAU,CAACQ,GAAX,CAAe,SAAf,EAA0BC,sBAA1B;AACAT,UAAU,CAACG,IAAX,CAAgB,kBAAhB,EAAoCO,8BAApC;AACAV,UAAU,CAACQ,GAAX,CAAe,eAAf,EAAgCG,8BAAhC;AACAX,UAAU,CAACG,IAAX,CAAgB,4BAAhB,EAA8CS,6BAA9C;eAEeZ,U","sourceRoot":"e:\\Engineering\\Research\\Programming\\Andela\\Stackup\\Papel\\server\\routes","sourcesContent":["import express from 'express';\r\nimport {\r\n  signup,\r\n  login,\r\n  forgotPassword,\r\n  resetPassword,\r\n  buildResetPage,\r\n  logout\r\n} from '../controllers/authController';\r\nimport { validateSignup, validateLogin } from '../middleware/validator';\r\n\r\nconst authRouter = express.Router();\r\nauthRouter.post('/signup', validateSignup, signup);\r\nauthRouter.post('/login', validateLogin, login);\r\nauthRouter.get('/logout', logout);\r\nauthRouter.post('/forgot-password', forgotPassword);\r\nauthRouter.get('/reset/:token', buildResetPage);\r\nauthRouter.post('/reset-password/:tokenback', resetPassword);\r\n\r\nexport default authRouter;\r\n"]},"_coverageSchema":"1a1c01bbd47fc00a2c39e90264f33305004495a9","hash":"d655c020fe91ecfab5e4abd087428514dcdb5a84","contentHash":"3812caaef84d9a94e3ea76ff4d0c9a2aa52771fd34a96a5688c42b6fbdcfcfb5"},"e:\\Engineering\\Research\\Programming\\Andela\\Stackup\\Papel\\server\\controllers\\authController.js":{"path":"e:\\Engineering\\Research\\Programming\\Andela\\Stackup\\Papel\\server\\controllers\\authController.js","statementMap":{"0":{"start":{"line":3,"column":0},"end":{"line":5,"column":3}},"1":{"start":{"line":6,"column":0},"end":{"line":6,"column":131}},"2":{"start":{"line":8,"column":20},"end":{"line":8,"column":67}},"3":{"start":{"line":10,"column":14},"end":{"line":10,"column":55}},"4":{"start":{"line":12,"column":12},"end":{"line":12,"column":61}},"5":{"start":{"line":14,"column":12},"end":{"line":14,"column":61}},"6":{"start":{"line":16,"column":16},"end":{"line":16,"column":71}},"7":{"start":{"line":18,"column":19},"end":{"line":18,"column":76}},"8":{"start":{"line":20,"column":13},"end":{"line":20,"column":62}},"9":{"start":{"line":22,"column":20},"end":{"line":22,"column":78}},"10":{"start":{"line":24,"column":16},"end":{"line":24,"column":70}},"11":{"start":{"line":26,"column":39},"end":{"line":26,"column":95}},"12":{"start":{"line":28,"column":77},"end":{"line":28,"column":175}},"13":{"start":{"line":28,"column":94},"end":{"line":28,"column":107}},"14":{"start":{"line":28,"column":121},"end":{"line":28,"column":131}},"15":{"start":{"line":28,"column":151},"end":{"line":28,"column":165}},"16":{"start":{"line":28,"column":166},"end":{"line":28,"column":173}},"17":{"start":{"line":28,"column":176},"end":{"line":28,"column":263}},"18":{"start":{"line":28,"column":193},"end":{"line":28,"column":208}},"19":{"start":{"line":28,"column":218},"end":{"line":28,"column":261}},"20":{"start":{"line":30,"column":33},"end":{"line":30,"column":387}},"21":{"start":{"line":30,"column":65},"end":{"line":30,"column":69}},"22":{"start":{"line":30,"column":78},"end":{"line":30,"column":87}},"23":{"start":{"line":30,"column":89},"end":{"line":30,"column":384}},"24":{"start":{"line":30,"column":147},"end":{"line":30,"column":167}},"25":{"start":{"line":30,"column":193},"end":{"line":30,"column":264}},"26":{"start":{"line":30,"column":290},"end":{"line":30,"column":360}},"27":{"start":{"line":30,"column":363},"end":{"line":30,"column":380}},"28":{"start":{"line":32,"column":11},"end":{"line":32,"column":33}},"29":{"start":{"line":34,"column":15},"end":{"line":34,"column":41}},"30":{"start":{"line":39,"column":0},"end":{"line":124,"column":3}},"31":{"start":{"line":40,"column":13},"end":{"line":119,"column":5}},"32":{"start":{"line":45,"column":4},"end":{"line":118,"column":33}},"33":{"start":{"line":46,"column":6},"end":{"line":117,"column":7}},"34":{"start":{"line":47,"column":8},"end":{"line":116,"column":9}},"35":{"start":{"line":49,"column":12},"end":{"line":49,"column":30}},"36":{"start":{"line":50,"column":12},"end":{"line":50,"column":153}},"37":{"start":{"line":51,"column":12},"end":{"line":51,"column":30}},"38":{"start":{"line":52,"column":12},"end":{"line":52,"column":46}},"39":{"start":{"line":55,"column":12},"end":{"line":55,"column":38}},"40":{"start":{"line":57,"column":12},"end":{"line":60,"column":13}},"41":{"start":{"line":58,"column":14},"end":{"line":58,"column":33}},"42":{"start":{"line":59,"column":14},"end":{"line":59,"column":20}},"43":{"start":{"line":62,"column":12},"end":{"line":62,"column":73}},"44":{"start":{"line":63,"column":12},"end":{"line":63,"column":37}},"45":{"start":{"line":64,"column":12},"end":{"line":64,"column":31}},"46":{"start":{"line":65,"column":12},"end":{"line":65,"column":45}},"47":{"start":{"line":68,"column":12},"end":{"line":73,"column":15}},"48":{"start":{"line":74,"column":12},"end":{"line":78,"column":15}},"49":{"start":{"line":79,"column":12},"end":{"line":91,"column":15}},"50":{"start":{"line":94,"column":12},"end":{"line":94,"column":31}},"51":{"start":{"line":95,"column":12},"end":{"line":95,"column":18}},"52":{"start":{"line":98,"column":12},"end":{"line":98,"column":31}},"53":{"start":{"line":99,"column":12},"end":{"line":99,"column":47}},"54":{"start":{"line":101,"column":12},"end":{"line":111,"column":13}},"55":{"start":{"line":102,"column":14},"end":{"line":105,"column":17}},"56":{"start":{"line":107,"column":14},"end":{"line":110,"column":17}},"57":{"start":{"line":115,"column":12},"end":{"line":115,"column":35}},"58":{"start":{"line":121,"column":2},"end":{"line":123,"column":4}},"59":{"start":{"line":122,"column":4},"end":{"line":122,"column":39}},"60":{"start":{"line":127,"column":0},"end":{"line":127,"column":24}},"61":{"start":{"line":131,"column":0},"end":{"line":225,"column":3}},"62":{"start":{"line":132,"column":14},"end":{"line":220,"column":5}},"63":{"start":{"line":137,"column":4},"end":{"line":219,"column":33}},"64":{"start":{"line":138,"column":6},"end":{"line":218,"column":7}},"65":{"start":{"line":139,"column":8},"end":{"line":217,"column":9}},"66":{"start":{"line":141,"column":12},"end":{"line":141,"column":31}},"67":{"start":{"line":142,"column":12},"end":{"line":142,"column":92}},"68":{"start":{"line":143,"column":12},"end":{"line":143,"column":31}},"69":{"start":{"line":144,"column":12},"end":{"line":144,"column":44}},"70":{"start":{"line":147,"column":12},"end":{"line":147,"column":37}},"71":{"start":{"line":149,"column":12},"end":{"line":201,"column":13}},"72":{"start":{"line":151,"column":14},"end":{"line":151,"column":48}},"73":{"start":{"line":153,"column":14},"end":{"line":195,"column":15}},"74":{"start":{"line":154,"column":16},"end":{"line":154,"column":54}},"75":{"start":{"line":155,"column":16},"end":{"line":155,"column":80}},"76":{"start":{"line":157,"column":16},"end":{"line":188,"column":17}},"77":{"start":{"line":158,"column":18},"end":{"line":158,"column":177}},"78":{"start":{"line":159,"column":18},"end":{"line":164,"column":21}},"79":{"start":{"line":165,"column":18},"end":{"line":169,"column":21}},"80":{"start":{"line":170,"column":18},"end":{"line":182,"column":21}},"81":{"start":{"line":184,"column":18},"end":{"line":187,"column":21}},"82":{"start":{"line":190,"column":16},"end":{"line":194,"column":19}},"83":{"start":{"line":197,"column":14},"end":{"line":200,"column":17}},"84":{"start":{"line":203,"column":12},"end":{"line":203,"column":32}},"85":{"start":{"line":204,"column":12},"end":{"line":204,"column":18}},"86":{"start":{"line":207,"column":12},"end":{"line":207,"column":31}},"87":{"start":{"line":208,"column":12},"end":{"line":208,"column":49}},"88":{"start":{"line":209,"column":12},"end":{"line":212,"column":15}},"89":{"start":{"line":216,"column":12},"end":{"line":216,"column":36}},"90":{"start":{"line":222,"column":2},"end":{"line":224,"column":4}},"91":{"start":{"line":223,"column":4},"end":{"line":223,"column":40}},"92":{"start":{"line":227,"column":0},"end":{"line":227,"column":22}},"93":{"start":{"line":231,"column":0},"end":{"line":332,"column":3}},"94":{"start":{"line":232,"column":14},"end":{"line":327,"column":5}},"95":{"start":{"line":236,"column":4},"end":{"line":326,"column":35}},"96":{"start":{"line":237,"column":6},"end":{"line":325,"column":7}},"97":{"start":{"line":238,"column":8},"end":{"line":324,"column":9}},"98":{"start":{"line":241,"column":12},"end":{"line":241,"column":35}},"99":{"start":{"line":242,"column":12},"end":{"line":242,"column":31}},"100":{"start":{"line":243,"column":12},"end":{"line":243,"column":44}},"101":{"start":{"line":246,"column":12},"end":{"line":246,"column":39}},"102":{"start":{"line":247,"column":12},"end":{"line":247,"column":44}},"103":{"start":{"line":249,"column":12},"end":{"line":252,"column":13}},"104":{"start":{"line":250,"column":14},"end":{"line":250,"column":33}},"105":{"start":{"line":251,"column":14},"end":{"line":251,"column":20}},"106":{"start":{"line":254,"column":12},"end":{"line":257,"column":15}},"107":{"start":{"line":258,"column":12},"end":{"line":258,"column":32}},"108":{"start":{"line":259,"column":12},"end":{"line":259,"column":18}},"109":{"start":{"line":262,"column":12},"end":{"line":262,"column":76}},"110":{"start":{"line":263,"column":12},"end":{"line":263,"column":97}},"111":{"start":{"line":264,"column":12},"end":{"line":264,"column":82}},"112":{"start":{"line":266,"column":12},"end":{"line":266,"column":32}},"113":{"start":{"line":267,"column":12},"end":{"line":267,"column":51}},"114":{"start":{"line":270,"column":12},"end":{"line":270,"column":40}},"115":{"start":{"line":272,"column":12},"end":{"line":275,"column":13}},"116":{"start":{"line":273,"column":14},"end":{"line":273,"column":34}},"117":{"start":{"line":274,"column":14},"end":{"line":274,"column":20}},"118":{"start":{"line":277,"column":12},"end":{"line":277,"column":32}},"119":{"start":{"line":278,"column":12},"end":{"line":278,"column":76}},"120":{"start":{"line":281,"column":12},"end":{"line":281,"column":38}},"121":{"start":{"line":283,"column":12},"end":{"line":286,"column":13}},"122":{"start":{"line":284,"column":14},"end":{"line":284,"column":34}},"123":{"start":{"line":285,"column":14},"end":{"line":285,"column":20}},"124":{"start":{"line":289,"column":12},"end":{"line":289,"column":117}},"125":{"start":{"line":290,"column":12},"end":{"line":290,"column":182}},"126":{"start":{"line":291,"column":12},"end":{"line":291,"column":74}},"127":{"start":{"line":292,"column":12},"end":{"line":292,"column":32}},"128":{"start":{"line":293,"column":12},"end":{"line":293,"column":32}},"129":{"start":{"line":294,"column":12},"end":{"line":299,"column":15}},"130":{"start":{"line":302,"column":12},"end":{"line":305,"column":15}},"131":{"start":{"line":306,"column":12},"end":{"line":306,"column":32}},"132":{"start":{"line":307,"column":12},"end":{"line":307,"column":18}},"133":{"start":{"line":310,"column":12},"end":{"line":310,"column":32}},"134":{"start":{"line":311,"column":12},"end":{"line":311,"column":50}},"135":{"start":{"line":312,"column":12},"end":{"line":312,"column":32}},"136":{"start":{"line":313,"column":12},"end":{"line":313,"column":57}},"137":{"start":{"line":316,"column":12},"end":{"line":319,"column":15}},"138":{"start":{"line":323,"column":12},"end":{"line":323,"column":36}},"139":{"start":{"line":329,"column":2},"end":{"line":331,"column":4}},"140":{"start":{"line":330,"column":4},"end":{"line":330,"column":40}},"141":{"start":{"line":335,"column":0},"end":{"line":335,"column":40}},"142":{"start":{"line":339,"column":0},"end":{"line":364,"column":3}},"143":{"start":{"line":340,"column":14},"end":{"line":359,"column":5}},"144":{"start":{"line":344,"column":4},"end":{"line":358,"column":17}},"145":{"start":{"line":345,"column":6},"end":{"line":357,"column":7}},"146":{"start":{"line":346,"column":8},"end":{"line":356,"column":9}},"147":{"start":{"line":349,"column":12},"end":{"line":349,"column":42}},"148":{"start":{"line":350,"column":12},"end":{"line":350,"column":126}},"149":{"start":{"line":351,"column":12},"end":{"line":351,"column":2063}},"150":{"start":{"line":355,"column":12},"end":{"line":355,"column":36}},"151":{"start":{"line":361,"column":2},"end":{"line":363,"column":4}},"152":{"start":{"line":362,"column":4},"end":{"line":362,"column":40}},"153":{"start":{"line":367,"column":0},"end":{"line":367,"column":40}},"154":{"start":{"line":371,"column":0},"end":{"line":460,"column":3}},"155":{"start":{"line":372,"column":14},"end":{"line":455,"column":5}},"156":{"start":{"line":376,"column":4},"end":{"line":454,"column":34}},"157":{"start":{"line":377,"column":6},"end":{"line":453,"column":7}},"158":{"start":{"line":378,"column":8},"end":{"line":452,"column":9}},"159":{"start":{"line":380,"column":12},"end":{"line":380,"column":31}},"160":{"start":{"line":382,"column":12},"end":{"line":382,"column":107}},"161":{"start":{"line":383,"column":12},"end":{"line":383,"column":31}},"162":{"start":{"line":384,"column":12},"end":{"line":384,"column":53}},"163":{"start":{"line":387,"column":12},"end":{"line":387,"column":38}},"164":{"start":{"line":388,"column":12},"end":{"line":388,"column":35}},"165":{"start":{"line":389,"column":12},"end":{"line":389,"column":53}},"166":{"start":{"line":390,"column":12},"end":{"line":390,"column":45}},"167":{"start":{"line":391,"column":12},"end":{"line":391,"column":47}},"168":{"start":{"line":392,"column":12},"end":{"line":392,"column":31}},"169":{"start":{"line":394,"column":12},"end":{"line":397,"column":13}},"170":{"start":{"line":395,"column":14},"end":{"line":395,"column":34}},"171":{"start":{"line":396,"column":14},"end":{"line":396,"column":20}},"172":{"start":{"line":399,"column":12},"end":{"line":399,"column":53}},"173":{"start":{"line":401,"column":12},"end":{"line":404,"column":13}},"174":{"start":{"line":402,"column":14},"end":{"line":402,"column":34}},"175":{"start":{"line":403,"column":14},"end":{"line":403,"column":20}},"176":{"start":{"line":406,"column":12},"end":{"line":409,"column":15}},"177":{"start":{"line":410,"column":12},"end":{"line":410,"column":32}},"178":{"start":{"line":411,"column":12},"end":{"line":411,"column":18}},"179":{"start":{"line":415,"column":12},"end":{"line":415,"column":39}},"180":{"start":{"line":416,"column":12},"end":{"line":416,"column":32}},"181":{"start":{"line":417,"column":12},"end":{"line":417,"column":56}},"182":{"start":{"line":420,"column":12},"end":{"line":420,"column":54}},"183":{"start":{"line":421,"column":12},"end":{"line":421,"column":32}},"184":{"start":{"line":422,"column":12},"end":{"line":422,"column":56}},"185":{"start":{"line":425,"column":12},"end":{"line":425,"column":37}},"186":{"start":{"line":427,"column":12},"end":{"line":438,"column":13}},"187":{"start":{"line":428,"column":14},"end":{"line":428,"column":92}},"188":{"start":{"line":429,"column":14},"end":{"line":432,"column":17}},"189":{"start":{"line":434,"column":14},"end":{"line":437,"column":17}},"190":{"start":{"line":441,"column":12},"end":{"line":441,"column":32}},"191":{"start":{"line":442,"column":12},"end":{"line":442,"column":18}},"192":{"start":{"line":445,"column":12},"end":{"line":445,"column":32}},"193":{"start":{"line":446,"column":12},"end":{"line":446,"column":49}},"194":{"start":{"line":447,"column":12},"end":{"line":447,"column":61}},"195":{"start":{"line":451,"column":12},"end":{"line":451,"column":36}},"196":{"start":{"line":457,"column":2},"end":{"line":459,"column":4}},"197":{"start":{"line":458,"column":4},"end":{"line":458,"column":40}},"198":{"start":{"line":463,"column":0},"end":{"line":463,"column":38}},"199":{"start":{"line":465,"column":13},"end":{"line":476,"column":1}},"200":{"start":{"line":466,"column":2},"end":{"line":470,"column":5}},"201":{"start":{"line":471,"column":2},"end":{"line":475,"column":5}},"202":{"start":{"line":478,"column":0},"end":{"line":478,"column":24}}},"fnMap":{"0":{"name":"_interopRequireDefault","decl":{"start":{"line":26,"column":9},"end":{"line":26,"column":31}},"loc":{"start":{"line":26,"column":37},"end":{"line":26,"column":97}},"line":26},"1":{"name":"asyncGeneratorStep","decl":{"start":{"line":28,"column":9},"end":{"line":28,"column":27}},"loc":{"start":{"line":28,"column":75},"end":{"line":28,"column":265}},"line":28},"2":{"name":"_asyncToGenerator","decl":{"start":{"line":30,"column":9},"end":{"line":30,"column":26}},"loc":{"start":{"line":30,"column":31},"end":{"line":30,"column":389}},"line":30},"3":{"name":"(anonymous_3)","decl":{"start":{"line":30,"column":40},"end":{"line":30,"column":41}},"loc":{"start":{"line":30,"column":52},"end":{"line":30,"column":386}},"line":30},"4":{"name":"(anonymous_4)","decl":{"start":{"line":30,"column":108},"end":{"line":30,"column":109}},"loc":{"start":{"line":30,"column":135},"end":{"line":30,"column":382}},"line":30},"5":{"name":"_next","decl":{"start":{"line":30,"column":178},"end":{"line":30,"column":183}},"loc":{"start":{"line":30,"column":191},"end":{"line":30,"column":266}},"line":30},"6":{"name":"_throw","decl":{"start":{"line":30,"column":276},"end":{"line":30,"column":282}},"loc":{"start":{"line":30,"column":288},"end":{"line":30,"column":362}},"line":30},"7":{"name":"(anonymous_7)","decl":{"start":{"line":39,"column":0},"end":{"line":39,"column":1}},"loc":{"start":{"line":39,"column":12},"end":{"line":124,"column":1}},"line":39},"8":{"name":"_callee","decl":{"start":{"line":42,"column":35},"end":{"line":42,"column":42}},"loc":{"start":{"line":42,"column":53},"end":{"line":119,"column":3}},"line":42},"9":{"name":"_callee$","decl":{"start":{"line":45,"column":44},"end":{"line":45,"column":52}},"loc":{"start":{"line":45,"column":63},"end":{"line":118,"column":5}},"line":45},"10":{"name":"signup","decl":{"start":{"line":121,"column":18},"end":{"line":121,"column":24}},"loc":{"start":{"line":121,"column":34},"end":{"line":123,"column":3}},"line":121},"11":{"name":"(anonymous_11)","decl":{"start":{"line":131,"column":0},"end":{"line":131,"column":1}},"loc":{"start":{"line":131,"column":12},"end":{"line":225,"column":1}},"line":131},"12":{"name":"_callee2","decl":{"start":{"line":134,"column":35},"end":{"line":134,"column":43}},"loc":{"start":{"line":134,"column":54},"end":{"line":220,"column":3}},"line":134},"13":{"name":"_callee2$","decl":{"start":{"line":137,"column":44},"end":{"line":137,"column":53}},"loc":{"start":{"line":137,"column":65},"end":{"line":219,"column":5}},"line":137},"14":{"name":"login","decl":{"start":{"line":222,"column":18},"end":{"line":222,"column":23}},"loc":{"start":{"line":222,"column":34},"end":{"line":224,"column":3}},"line":222},"15":{"name":"(anonymous_15)","decl":{"start":{"line":231,"column":0},"end":{"line":231,"column":1}},"loc":{"start":{"line":231,"column":12},"end":{"line":332,"column":1}},"line":231},"16":{"name":"_callee3","decl":{"start":{"line":234,"column":35},"end":{"line":234,"column":43}},"loc":{"start":{"line":234,"column":54},"end":{"line":327,"column":3}},"line":234},"17":{"name":"_callee3$","decl":{"start":{"line":236,"column":44},"end":{"line":236,"column":53}},"loc":{"start":{"line":236,"column":65},"end":{"line":326,"column":5}},"line":236},"18":{"name":"forgotPassword","decl":{"start":{"line":329,"column":18},"end":{"line":329,"column":32}},"loc":{"start":{"line":329,"column":43},"end":{"line":331,"column":3}},"line":329},"19":{"name":"(anonymous_19)","decl":{"start":{"line":339,"column":0},"end":{"line":339,"column":1}},"loc":{"start":{"line":339,"column":12},"end":{"line":364,"column":1}},"line":339},"20":{"name":"_callee4","decl":{"start":{"line":342,"column":35},"end":{"line":342,"column":43}},"loc":{"start":{"line":342,"column":54},"end":{"line":359,"column":3}},"line":342},"21":{"name":"_callee4$","decl":{"start":{"line":344,"column":44},"end":{"line":344,"column":53}},"loc":{"start":{"line":344,"column":65},"end":{"line":358,"column":5}},"line":344},"22":{"name":"buildResetPage","decl":{"start":{"line":361,"column":18},"end":{"line":361,"column":32}},"loc":{"start":{"line":361,"column":43},"end":{"line":363,"column":3}},"line":361},"23":{"name":"(anonymous_23)","decl":{"start":{"line":371,"column":0},"end":{"line":371,"column":1}},"loc":{"start":{"line":371,"column":12},"end":{"line":460,"column":1}},"line":371},"24":{"name":"_callee5","decl":{"start":{"line":374,"column":35},"end":{"line":374,"column":43}},"loc":{"start":{"line":374,"column":54},"end":{"line":455,"column":3}},"line":374},"25":{"name":"_callee5$","decl":{"start":{"line":376,"column":44},"end":{"line":376,"column":53}},"loc":{"start":{"line":376,"column":65},"end":{"line":454,"column":5}},"line":376},"26":{"name":"resetPassword","decl":{"start":{"line":457,"column":18},"end":{"line":457,"column":31}},"loc":{"start":{"line":457,"column":43},"end":{"line":459,"column":3}},"line":457},"27":{"name":"logout","decl":{"start":{"line":465,"column":22},"end":{"line":465,"column":28}},"loc":{"start":{"line":465,"column":39},"end":{"line":476,"column":1}},"line":465}},"branchMap":{"0":{"loc":{"start":{"line":26,"column":46},"end":{"line":26,"column":94}},"type":"cond-expr","locations":[{"start":{"line":26,"column":70},"end":{"line":26,"column":73}},{"start":{"line":26,"column":76},"end":{"line":26,"column":94}}],"line":26},"1":{"loc":{"start":{"line":26,"column":46},"end":{"line":26,"column":67}},"type":"binary-expr","locations":[{"start":{"line":26,"column":46},"end":{"line":26,"column":49}},{"start":{"line":26,"column":53},"end":{"line":26,"column":67}}],"line":26},"2":{"loc":{"start":{"line":28,"column":176},"end":{"line":28,"column":263}},"type":"if","locations":[{"start":{"line":28,"column":176},"end":{"line":28,"column":263}},{"start":{"line":28,"column":176},"end":{"line":28,"column":263}}],"line":28},"3":{"loc":{"start":{"line":47,"column":8},"end":{"line":116,"column":9}},"type":"switch","locations":[{"start":{"line":48,"column":10},"end":{"line":52,"column":46}},{"start":{"line":54,"column":10},"end":{"line":65,"column":45}},{"start":{"line":67,"column":10},"end":{"line":91,"column":15}},{"start":{"line":93,"column":10},"end":{"line":95,"column":18}},{"start":{"line":97,"column":10},"end":{"line":111,"column":13}},{"start":{"line":113,"column":10},"end":{"line":113,"column":18}},{"start":{"line":114,"column":10},"end":{"line":115,"column":35}}],"line":47},"4":{"loc":{"start":{"line":57,"column":12},"end":{"line":60,"column":13}},"type":"if","locations":[{"start":{"line":57,"column":12},"end":{"line":60,"column":13}},{"start":{"line":57,"column":12},"end":{"line":60,"column":13}}],"line":57},"5":{"loc":{"start":{"line":101,"column":12},"end":{"line":111,"column":13}},"type":"if","locations":[{"start":{"line":101,"column":12},"end":{"line":111,"column":13}},{"start":{"line":101,"column":12},"end":{"line":111,"column":13}}],"line":101},"6":{"loc":{"start":{"line":139,"column":8},"end":{"line":217,"column":9}},"type":"switch","locations":[{"start":{"line":140,"column":10},"end":{"line":144,"column":44}},{"start":{"line":146,"column":10},"end":{"line":204,"column":18}},{"start":{"line":206,"column":10},"end":{"line":212,"column":15}},{"start":{"line":214,"column":10},"end":{"line":214,"column":18}},{"start":{"line":215,"column":10},"end":{"line":216,"column":36}}],"line":139},"7":{"loc":{"start":{"line":149,"column":12},"end":{"line":201,"column":13}},"type":"if","locations":[{"start":{"line":149,"column":12},"end":{"line":201,"column":13}},{"start":{"line":149,"column":12},"end":{"line":201,"column":13}}],"line":149},"8":{"loc":{"start":{"line":153,"column":14},"end":{"line":195,"column":15}},"type":"if","locations":[{"start":{"line":153,"column":14},"end":{"line":195,"column":15}},{"start":{"line":153,"column":14},"end":{"line":195,"column":15}}],"line":153},"9":{"loc":{"start":{"line":157,"column":16},"end":{"line":188,"column":17}},"type":"if","locations":[{"start":{"line":157,"column":16},"end":{"line":188,"column":17}},{"start":{"line":157,"column":16},"end":{"line":188,"column":17}}],"line":157},"10":{"loc":{"start":{"line":238,"column":8},"end":{"line":324,"column":9}},"type":"switch","locations":[{"start":{"line":239,"column":10},"end":{"line":243,"column":44}},{"start":{"line":245,"column":10},"end":{"line":259,"column":18}},{"start":{"line":261,"column":10},"end":{"line":267,"column":51}},{"start":{"line":269,"column":10},"end":{"line":278,"column":76}},{"start":{"line":280,"column":10},"end":{"line":299,"column":15}},{"start":{"line":301,"column":10},"end":{"line":307,"column":18}},{"start":{"line":309,"column":10},"end":{"line":313,"column":57}},{"start":{"line":315,"column":10},"end":{"line":319,"column":15}},{"start":{"line":321,"column":10},"end":{"line":321,"column":18}},{"start":{"line":322,"column":10},"end":{"line":323,"column":36}}],"line":238},"11":{"loc":{"start":{"line":249,"column":12},"end":{"line":252,"column":13}},"type":"if","locations":[{"start":{"line":249,"column":12},"end":{"line":252,"column":13}},{"start":{"line":249,"column":12},"end":{"line":252,"column":13}}],"line":249},"12":{"loc":{"start":{"line":272,"column":12},"end":{"line":275,"column":13}},"type":"if","locations":[{"start":{"line":272,"column":12},"end":{"line":275,"column":13}},{"start":{"line":272,"column":12},"end":{"line":275,"column":13}}],"line":272},"13":{"loc":{"start":{"line":283,"column":12},"end":{"line":286,"column":13}},"type":"if","locations":[{"start":{"line":283,"column":12},"end":{"line":286,"column":13}},{"start":{"line":283,"column":12},"end":{"line":286,"column":13}}],"line":283},"14":{"loc":{"start":{"line":346,"column":8},"end":{"line":356,"column":9}},"type":"switch","locations":[{"start":{"line":347,"column":10},"end":{"line":351,"column":2063}},{"start":{"line":353,"column":10},"end":{"line":353,"column":17}},{"start":{"line":354,"column":10},"end":{"line":355,"column":36}}],"line":346},"15":{"loc":{"start":{"line":378,"column":8},"end":{"line":452,"column":9}},"type":"switch","locations":[{"start":{"line":379,"column":10},"end":{"line":384,"column":53}},{"start":{"line":386,"column":10},"end":{"line":411,"column":18}},{"start":{"line":413,"column":10},"end":{"line":417,"column":56}},{"start":{"line":419,"column":10},"end":{"line":422,"column":56}},{"start":{"line":424,"column":10},"end":{"line":438,"column":13}},{"start":{"line":440,"column":10},"end":{"line":442,"column":18}},{"start":{"line":444,"column":10},"end":{"line":447,"column":61}},{"start":{"line":449,"column":10},"end":{"line":449,"column":18}},{"start":{"line":450,"column":10},"end":{"line":451,"column":36}}],"line":378},"16":{"loc":{"start":{"line":394,"column":12},"end":{"line":397,"column":13}},"type":"if","locations":[{"start":{"line":394,"column":12},"end":{"line":397,"column":13}},{"start":{"line":394,"column":12},"end":{"line":397,"column":13}}],"line":394},"17":{"loc":{"start":{"line":401,"column":12},"end":{"line":404,"column":13}},"type":"if","locations":[{"start":{"line":401,"column":12},"end":{"line":404,"column":13}},{"start":{"line":401,"column":12},"end":{"line":404,"column":13}}],"line":401},"18":{"loc":{"start":{"line":427,"column":12},"end":{"line":438,"column":13}},"type":"if","locations":[{"start":{"line":427,"column":12},"end":{"line":438,"column":13}},{"start":{"line":427,"column":12},"end":{"line":438,"column":13}}],"line":427}},"s":{"0":1,"1":1,"2":1,"3":1,"4":1,"5":1,"6":1,"7":1,"8":1,"9":1,"10":1,"11":9,"12":44,"13":44,"14":44,"15":0,"16":0,"17":44,"18":16,"19":28,"20":5,"21":16,"22":16,"23":16,"24":16,"25":43,"26":1,"27":16,"28":1,"29":1,"30":1,"31":1,"32":12,"33":36,"34":47,"35":12,"36":12,"37":12,"38":12,"39":12,"40":12,"41":0,"42":0,"43":12,"44":12,"45":12,"46":12,"47":11,"48":11,"49":11,"50":11,"51":11,"52":1,"53":1,"54":1,"55":1,"56":0,"57":12,"58":1,"59":12,"60":1,"61":1,"62":1,"63":4,"64":8,"65":12,"66":4,"67":4,"68":4,"69":4,"70":4,"71":4,"72":3,"73":3,"74":3,"75":3,"76":3,"77":1,"78":1,"79":1,"80":1,"81":2,"82":0,"83":1,"84":4,"85":4,"86":0,"87":0,"88":0,"89":4,"90":1,"91":4,"92":1,"93":1,"94":1,"95":0,"96":0,"97":0,"98":0,"99":0,"100":0,"101":0,"102":0,"103":0,"104":0,"105":0,"106":0,"107":0,"108":0,"109":0,"110":0,"111":0,"112":0,"113":0,"114":0,"115":0,"116":0,"117":0,"118":0,"119":0,"120":0,"121":0,"122":0,"123":0,"124":0,"125":0,"126":0,"127":0,"128":0,"129":0,"130":0,"131":0,"132":0,"133":0,"134":0,"135":0,"136":0,"137":0,"138":0,"139":1,"140":0,"141":1,"142":1,"143":1,"144":0,"145":0,"146":0,"147":0,"148":0,"149":0,"150":0,"151":1,"152":0,"153":1,"154":1,"155":1,"156":0,"157":0,"158":0,"159":0,"160":0,"161":0,"162":0,"163":0,"164":0,"165":0,"166":0,"167":0,"168":0,"169":0,"170":0,"171":0,"172":0,"173":0,"174":0,"175":0,"176":0,"177":0,"178":0,"179":0,"180":0,"181":0,"182":0,"183":0,"184":0,"185":0,"186":0,"187":0,"188":0,"189":0,"190":0,"191":0,"192":0,"193":0,"194":0,"195":0,"196":1,"197":0,"198":1,"199":1,"200":0,"201":0,"202":1},"f":{"0":9,"1":44,"2":5,"3":16,"4":16,"5":43,"6":1,"7":1,"8":12,"9":36,"10":12,"11":1,"12":4,"13":8,"14":4,"15":1,"16":0,"17":0,"18":0,"19":1,"20":0,"21":0,"22":0,"23":1,"24":0,"25":0,"26":0,"27":0},"b":{"0":[7,2],"1":[9,9],"2":[16,28],"3":[12,12,11,11,1,12,12],"4":[0,12],"5":[1,0],"6":[4,4,0,4,4],"7":[3,1],"8":[3,0],"9":[1,2],"10":[0,0,0,0,0,0,0,0,0,0],"11":[0,0],"12":[0,0],"13":[0,0],"14":[0,0,0],"15":[0,0,0,0,0,0,0,0,0],"16":[0,0],"17":[0,0],"18":[0,0]},"inputSourceMap":{"version":3,"sources":["authController.js"],"names":["user","User","database","Database","signup","req","res","body","firstName","lastName","email","password","createUserTable","userTable","setUser","newUser","getUser","addUser","token","jwt","sign","id","keys","JWT_SECRETE","expiresIn","cookie","Date","now","secure","process","env","NODE_ENV","httpOnly","status","json","statusCode","message","data","userProfile","role","routine","error","login","findUser","matches","rows","length","isActive","hashedPass","areMatched","userDetails","forgotPassword","resetUser","found","resetToken","crypto","randomBytes","toString","hashToken","createHash","update","digest","passExpires","toISOString","createResetPassTable","resetTable","addResetPassword","inserted","resetURL","protocol","get","html","subject","deleteResetToken","buildResetPage","params","send","resetPassword","tokenback","getResetToken","userFind","console","log","expires","userEmail","expired","parse","newPass","pass","updatePassword","updated","redirect","logout","loggedOut"],"mappings":";;;;;;;AAAA;;AACA;;AACA;;AACA;;AACA;;AACA;;AACA;;AACA;;AACA;;;;;;;;AAEA,IAAMA,IAAI,GAAG,IAAIC,gBAAJ,EAAb,C,CAAyB;;AACzB,IAAMC,QAAQ,GAAG,IAAIC,oBAAJ,EAAjB,C,CAAiC;AAEjC;;AACO,IAAMC,MAAM;AAAA;AAAA;AAAA;AAAA;AAAA,0BAAG,iBAAOC,GAAP,EAAYC,GAAZ;AAAA;;AAAA;AAAA;AAAA;AAAA;AAAA;AAAA,wBAE+BD,GAAG,CAACE,IAFnC,EAEVC,SAFU,aAEVA,SAFU,EAECC,QAFD,aAECA,QAFD,EAEWC,KAFX,aAEWA,KAFX,EAEkBC,QAFlB,aAEkBA,QAFlB;AAAA;AAAA,mBAIMT,QAAQ,CAACU,eAAT,EAJN;;AAAA;AAIZC,YAAAA,SAJY;;AAAA,iBAKdA,SALc;AAAA;AAAA;AAAA;;AAMhBb,YAAAA,IAAI,CAACc,OAAL,CAAaN,SAAb,EAAwBC,QAAxB,EAAkCC,KAAlC,EAAyC,QAAzC,EAAmDC,QAAnD;AACMI,YAAAA,OAPU,GAOAf,IAAI,CAACgB,OAAL,EAPA;AAAA;AAAA,mBAQVd,QAAQ,CAACe,OAAT,CAAiBF,OAAjB,CARU;;AAAA;AASVG,YAAAA,KATU,GASFC,yBAAIC,IAAJ,CACZ;AAAEC,cAAAA,EAAE,EAAEN,OAAO,CAACM,EAAd;AAAkBX,cAAAA,KAAK,EAAEK,OAAO,CAACL;AAAjC,aADY,EAEZY,iBAAKC,WAFO,EAGZ;AACEC,cAAAA,SAAS,EAAE;AADb,aAHY,CATE;AAiBhBlB,YAAAA,GAAG,CAACmB,MAAJ,CAAW,OAAX,EAAoBP,KAApB,EAA2B;AACzBM,cAAAA,SAAS,EAAE,IAAIE,IAAJ,CAASA,IAAI,CAACC,GAAL,KAAa,KAAK,EAAL,GAAU,EAAV,GAAe,IAArC,CADc;AAEzBC,cAAAA,MAAM,EAAEC,OAAO,CAACC,GAAR,CAAYC,QAAZ,KAAyB,YAFR;AAGzBC,cAAAA,QAAQ,EAAE;AAHe,aAA3B;AAMA1B,YAAAA,GAAG,CAAC2B,MAAJ,CAAW,GAAX,EAAgBC,IAAhB,CAAqB;AACnBD,cAAAA,MAAM,EAAE3B,GAAG,CAAC6B,UADO;AAEnBC,cAAAA,OAAO,EAAE,2BAFU;AAGnBC,cAAAA,IAAI,EAAE;AACJnB,gBAAAA,KAAK,EAALA,KADI;AAEJoB,gBAAAA,WAAW,EAAE;AACX9B,kBAAAA,SAAS,EAAEO,OAAO,CAACP,SADR;AAEXC,kBAAAA,QAAQ,EAAEM,OAAO,CAACN,QAFP;AAGXC,kBAAAA,KAAK,EAAEK,OAAO,CAACL,KAHJ;AAIX6B,kBAAAA,IAAI,EAAExB,OAAO,CAACwB;AAJH;AAFT;AAHa,aAArB;;AAvBgB;AAAA;AAAA;;AAAA;AAAA;AAAA;;AAsClB,gBAAI,YAAIC,OAAJ,KAAgB,kBAApB,EAAwC;AACtClC,cAAAA,GAAG,CAAC2B,MAAJ,CAAW,GAAX,EAAgBC,IAAhB,CAAqB;AACnBD,gBAAAA,MAAM,EAAE3B,GAAG,CAAC6B,UADO;AAEnBM,gBAAAA,KAAK,EAAE;AAFY,eAArB;AAID,aALD,MAKO;AACLnC,cAAAA,GAAG,CAAC2B,MAAJ,CAAW,GAAX,EAAgBC,IAAhB,CAAqB;AACnBD,gBAAAA,MAAM,EAAE3B,GAAG,CAAC6B,UADO;AAEnBM,gBAAAA,KAAK,EAAE,YAAIL;AAFQ,eAArB;AAID;;AAhDiB;AAAA;AAAA;AAAA;AAAA;AAAA;AAAA,GAAH;;AAAA,kBAANhC,MAAM;AAAA;AAAA;AAAA,GAAZ,C,CAoDP;;;;;AACO,IAAMsC,KAAK;AAAA;AAAA;AAAA;AAAA;AAAA,0BAAG,kBAAOrC,GAAP,EAAYC,GAAZ;AAAA;;AAAA;AAAA;AAAA;AAAA;AAAA;AAAA,yBAEWD,GAAG,CAACE,IAFf,EAETG,KAFS,cAETA,KAFS,EAEFC,QAFE,cAEFA,QAFE;AAAA;AAAA,mBAGKT,QAAQ,CAACyC,QAAT,CAAkBjC,KAAlB,CAHL;;AAAA;AAGXkC,YAAAA,OAHW;;AAIjB,gBAAIA,OAAO,CAACC,IAAR,CAAaC,MAAjB,EAAyB;AACvB;AACMC,cAAAA,QAFiB,GAENH,OAAO,CAACC,IAAR,CAAa,CAAb,EAAgBZ,MAFV;;AAGvB,kBAAIc,QAAQ,KAAK,QAAjB,EAA2B;AACnBC,gBAAAA,UADmB,GACNJ,OAAO,CAACC,IAAR,CAAa,CAAb,EAAgBlC,QADV;AAEnBsC,gBAAAA,UAFmB,GAEN,6BAAgBD,UAAhB,EAA4BrC,QAA5B,CAFM;;AAGzB,oBAAIsC,UAAJ,EAAgB;AAAA,mCAC4BL,OAAO,CAACC,IAAR,CAAa,CAAb,CAD5B,EACNrC,SADM,kBACNA,SADM,EACKC,QADL,kBACKA,QADL,EACeY,EADf,kBACeA,EADf,EACmBkB,IADnB,kBACmBA,IADnB;AAERrB,kBAAAA,KAFQ,GAEAC,yBAAIC,IAAJ,CAAS;AAAEC,oBAAAA,EAAE,EAAFA,EAAF;AAAMX,oBAAAA,KAAK,EAALA;AAAN,mBAAT,EAAwBY,iBAAKC,WAA7B,EAA0C;AACtDC,oBAAAA,SAAS,EAAE;AAD2C,mBAA1C,CAFA;AAKdlB,kBAAAA,GAAG,CAACmB,MAAJ,CAAW,OAAX,EAAoBP,KAApB,EAA2B;AACzBM,oBAAAA,SAAS,EAAE,IAAIE,IAAJ,CAASA,IAAI,CAACC,GAAL,KAAa,KAAK,EAAL,GAAU,EAAV,GAAe,IAArC,CADc;AAEzBC,oBAAAA,MAAM,EAAEC,OAAO,CAACC,GAAR,CAAYC,QAAZ,KAAyB,YAFR;AAGzBC,oBAAAA,QAAQ,EAAE;AAHe,mBAA3B;AAKA1B,kBAAAA,GAAG,CAAC2B,MAAJ,CAAW,GAAX,EAAgBC,IAAhB,CAAqB;AACnBD,oBAAAA,MAAM,EAAE3B,GAAG,CAAC6B,UADO;AAEnBC,oBAAAA,OAAO,EAAE,6BAFU;AAGnBC,oBAAAA,IAAI,EAAE;AACJnB,sBAAAA,KAAK,EAALA,KADI;AAEJgC,sBAAAA,WAAW,EAAE;AACX1C,wBAAAA,SAAS,EAATA,SADW;AAEXC,wBAAAA,QAAQ,EAARA,QAFW;AAGXC,wBAAAA,KAAK,EAALA,KAHW;AAIX6B,wBAAAA,IAAI,EAAJA;AAJW;AAFT;AAHa,mBAArB;AAaD,iBAvBD,MAuBO;AACLjC,kBAAAA,GAAG,CAAC2B,MAAJ,CAAW,GAAX,EAAgBC,IAAhB,CAAqB;AACnBD,oBAAAA,MAAM,EAAE3B,GAAG,CAAC6B,UADO;AAEnBM,oBAAAA,KAAK,EAAE;AAFY,mBAArB;AAID;AACF,eAhCD,MAgCO;AACLnC,gBAAAA,GAAG,CAAC2B,MAAJ,CAAW,GAAX,EAAgBC,IAAhB,CAAqB;AACnBD,kBAAAA,MAAM,EAAE3B,GAAG,CAAC6B,UADO;AAEnBM,kBAAAA,KAAK,EAAE,qBAFY;AAGnBL,kBAAAA,OAAO,EAAE;AAHU,iBAArB;AAKD;AACF,aA1CD,MA0CO;AACL9B,cAAAA,GAAG,CAAC2B,MAAJ,CAAW,GAAX,EAAgBC,IAAhB,CAAqB;AACnBD,gBAAAA,MAAM,EAAE3B,GAAG,CAAC6B,UADO;AAEnBM,gBAAAA,KAAK,EAAE;AAFY,eAArB;AAID;;AAnDgB;AAAA;;AAAA;AAAA;AAAA;AAqDjBnC,YAAAA,GAAG,CAAC2B,MAAJ,CAAW,GAAX,EAAgBC,IAAhB,CAAqB;AACnBD,cAAAA,MAAM,EAAE3B,GAAG,CAAC6B,UADO;AAEnBM,cAAAA,KAAK,EAAE,aAAIL;AAFQ,aAArB;;AArDiB;AAAA;AAAA;AAAA;AAAA;AAAA;AAAA,GAAH;;AAAA,kBAALM,KAAK;AAAA;AAAA;AAAA,GAAX;;;;AA4DA,IAAMS,cAAc;AAAA;AAAA;AAAA;AAAA;AAAA,0BAAG,kBAAO9C,GAAP,EAAYC,GAAZ;AAAA;AAAA;AAAA;AAAA;AAAA;AAC5B;AACQI,YAAAA,KAFoB,GAEVL,GAAG,CAACE,IAFM,CAEpBG,KAFoB;AAAA;AAAA,mBAGJR,QAAQ,CAACyC,QAAT,CAAkBjC,KAAlB,CAHI;;AAAA;AAGtB0C,YAAAA,SAHsB;AAItBC,YAAAA,KAJsB,GAIdD,SAAS,CAACP,IAAV,CAAe,CAAf,EAAkBnC,KAJJ;;AAAA,gBAKvB2C,KALuB;AAAA;AAAA;AAAA;;AAM1B/C,YAAAA,GAAG,CAAC2B,MAAJ,CAAW,GAAX,EAAgBC,IAAhB,CAAqB;AAAED,cAAAA,MAAM,EAAE3B,GAAG,CAAC6B,UAAd;AAA0BM,cAAAA,KAAK,EAAE;AAAjC,aAArB;AAN0B;AAAA;;AAAA;AAUpBa,YAAAA,UAVoB,GAUPC,mBAAOC,WAAP,CAAmB,EAAnB,EAAuBC,QAAvB,CAAgC,KAAhC,CAVO;AAWpBC,YAAAA,SAXoB,GAWRH,mBACfI,UADe,CACJ,QADI,EAEfC,MAFe,CAERN,UAFQ,EAGfO,MAHe,CAGR,KAHQ,CAXQ;AAgBpBC,YAAAA,WAhBoB,GAgBN,IAAIpC,IAAJ,CAASA,IAAI,CAACC,GAAL,KAAa,IAAI,EAAJ,GAAS,EAAT,GAAc,IAApC,EAA0CoC,WAA1C,EAhBM,EAiB1B;;AAjB0B;AAAA,mBAkBD7D,QAAQ,CAAC8D,oBAAT,EAlBC;;AAAA;AAkBpBC,YAAAA,UAlBoB;;AAAA,iBAmBtBA,UAnBsB;AAAA;AAAA;AAAA;;AAAA;AAAA,mBAoBD/D,QAAQ,CAACgE,gBAAT,CACrBR,SADqB,EAErBI,WAFqB,EAGrBpD,KAHqB,CApBC;;AAAA;AAoBlByD,YAAAA,QApBkB;;AAAA,iBAyBpBA,QAzBoB;AAAA;AAAA;AAAA;;AA0BtB;AACMC,YAAAA,QA3BgB,aA2BF/D,GAAG,CAACgE,QA3BF,gBA2BgBhE,GAAG,CAACiE,GAAJ,CACpC,MADoC,CA3BhB,6BA6BFhB,UA7BE;AA+BhBlB,YAAAA,OA/BgB,gFA+BgEgC,QA/BhE;AAiChBG,YAAAA,IAjCgB,wCAiCqBH,QAjCrB;AAAA;AAAA;AAAA,mBAoCd,uBAAU;AACd1D,cAAAA,KAAK,EAALA,KADc;AAEd8D,cAAAA,OAAO,EAAE,8CAFK;AAGdpC,cAAAA,OAAO,EAAPA,OAHc;AAIdmC,cAAAA,IAAI,EAAJA;AAJc,aAAV,CApCc;;AAAA;AA2CpBjE,YAAAA,GAAG,CAAC2B,MAAJ,CAAW,GAAX,EAAgBC,IAAhB,CAAqB;AACnBD,cAAAA,MAAM,EAAE3B,GAAG,CAAC6B,UADO;AAEnBC,cAAAA,OAAO,EAAE;AAFU,aAArB;AA3CoB;AAAA;;AAAA;AAAA;AAAA;AAAA;AAAA,mBAiDdlC,QAAQ,CAACuE,gBAAT,CAA0BnB,UAA1B,CAjDc;;AAAA;AAkDpBhD,YAAAA,GAAG,CAAC2B,MAAJ,CAAW,GAAX,EAAgBC,IAAhB,CAAqB;AACnBD,cAAAA,MAAM,EAAE3B,GAAG,CAAC6B,UADO;AAEnBM,cAAAA,KAAK,EAAE;AAFY,aAArB;;AAlDoB;AAAA;AAAA;AAAA;AAAA;AAAA;AAAA,GAAH;;AAAA,kBAAdU,cAAc;AAAA;AAAA;AAAA,GAApB,C,CA4DP;;;;;AACO,IAAMuB,cAAc;AAAA;AAAA;AAAA;AAAA;AAAA,0BAAG,kBAAOrE,GAAP,EAAYC,GAAZ;AAAA;AAAA;AAAA;AAAA;AAAA;AAC5B;AACMgD,YAAAA,UAFsB,GAETjD,GAAG,CAACsE,MAAJ,CAAWzD,KAFF;AAGtBkD,YAAAA,QAHsB,aAGR/D,GAAG,CAACgE,QAHI,gBAGUhE,GAAG,CAACiE,GAAJ,CACpC,MADoC,CAHV,sCAKChB,UALD;AAO5BhD,YAAAA,GAAG,CAACsE,IAAJ,ynDAsDwBR,QAtDxB;;AAP4B;AAAA;AAAA;AAAA;AAAA;AAAA;AAAA,GAAH;;AAAA,kBAAdM,cAAc;AAAA;AAAA;AAAA,GAApB,C,CA2EP;;;;;AACO,IAAMG,aAAa;AAAA;AAAA;AAAA;AAAA;AAAA,0BAAG,kBAAOxE,GAAP,EAAYC,GAAZ;AAAA;AAAA;AAAA;AAAA;AAAA;AAAA;AAEzB;AACMoD,YAAAA,SAHmB,GAGPH,mBACfI,UADe,CACJ,QADI,EAEfC,MAFe,CAERvD,GAAG,CAACsE,MAAJ,CAAWG,SAFH,EAGfjB,MAHe,CAGR,KAHQ,CAHO;AAAA;AAAA,mBAOF3D,QAAQ,CAAC6E,aAAT,CAAuBrB,SAAvB,CAPE;;AAAA;AAOnBsB,YAAAA,QAPmB;AAQzBC,YAAAA,OAAO,CAACC,GAAR,CAAYxB,SAAZ;AACAuB,YAAAA,OAAO,CAACC,GAAR,CAAYF,QAAQ,CAACnC,IAAT,CAAc,CAAd,EAAiBS,UAA7B;AACMD,YAAAA,KAVmB,GAUX2B,QAAQ,CAACnC,IAAT,CAAc,CAAd,EAAiBsC,OAVN;AAWnBzE,YAAAA,KAXmB,GAWXsE,QAAQ,CAACnC,IAAT,CAAc,CAAd,EAAiBuC,SAXN;AAYzBH,YAAAA,OAAO,CAACC,GAAR,CAAYxE,KAAZ;;AAZyB,iBAarB2C,KAbqB;AAAA;AAAA;AAAA;;AAcjBgC,YAAAA,OAdiB,GAcP3D,IAAI,CAAC4D,KAAL,CAAWjC,KAAX,IAAoB,IAAI3B,IAAJ,EAdb;;AAAA,iBAenB2D,OAfmB;AAAA;AAAA;AAAA;;AAgBrB/E,YAAAA,GAAG,CAAC2B,MAAJ,CAAW,GAAX,EAAgBC,IAAhB,CAAqB;AACnBD,cAAAA,MAAM,EAAE3B,GAAG,CAAC6B,UADO;AAEnBM,cAAAA,KAAK,EAAE;AAFY,aAArB;AAhBqB;AAAA;;AAAA;AAqBrB;AACQ8C,YAAAA,OAtBa,GAsBDlF,GAAG,CAACE,IAtBH,CAsBbgF,OAtBa;AAAA;AAAA,mBAuBfrF,QAAQ,CAACuE,gBAAT,CAA0Bf,SAA1B,CAvBe;;AAAA;AAwBf8B,YAAAA,IAxBe,GAwBR,0BAASD,OAAT,CAxBQ;AAAA;AAAA,mBAyBCrF,QAAQ,CAACuF,cAAT,CAAwB/E,KAAxB,EAA+B8E,IAA/B,CAzBD;;AAAA;AAyBfE,YAAAA,OAzBe;;AA0BrB,gBAAIA,OAAJ,EAAa;AACXpF,cAAAA,GAAG,CAACqF,QAAJ,CACE,+DADF;AAGArF,cAAAA,GAAG,CAAC2B,MAAJ,CAAW,GAAX,EAAgBC,IAAhB,CAAqB;AACnBD,gBAAAA,MAAM,EAAE3B,GAAG,CAAC6B,UADO;AAEnBC,gBAAAA,OAAO,EAAE;AAFU,eAArB;AAID,aARD,MAQO;AACL9B,cAAAA,GAAG,CAAC2B,MAAJ,CAAW,GAAX,EAAgBC,IAAhB,CAAqB;AACnBD,gBAAAA,MAAM,EAAE3B,GAAG,CAAC6B,UADO;AAEnBM,gBAAAA,KAAK,EAAE;AAFY,eAArB;AAID;;AAvCoB;AAAA;AAAA;;AAAA;AAAA;AAAA;AA2CzB,0CAAYnC,GAAZ;;AA3CyB;AAAA;AAAA;AAAA;AAAA;AAAA;AAAA,GAAH;;AAAA,kBAAbuE,aAAa;AAAA;AAAA;AAAA,GAAnB,C,CA+CP;;;;;AACO,IAAMe,MAAM,GAAG,SAATA,MAAS,CAACvF,GAAD,EAAMC,GAAN,EAAc;AAClCA,EAAAA,GAAG,CAACmB,MAAJ,CAAW,OAAX,EAAoB,gBAApB,EAAsC;AACpCD,IAAAA,SAAS,EAAE,IAAIE,IAAJ,CAASA,IAAI,CAACC,GAAL,KAAa,KAAK,EAAL,GAAU,EAAV,GAAe,IAArC,CADyB;AAEpCC,IAAAA,MAAM,EAAEC,OAAO,CAACC,GAAR,CAAYC,QAAZ,KAAyB,YAFG;AAGpCC,IAAAA,QAAQ,EAAE;AAH0B,GAAtC;AAKA1B,EAAAA,GAAG,CAAC2B,MAAJ,CAAW,GAAX,EAAgBC,IAAhB,CAAqB;AACnBD,IAAAA,MAAM,EAAE3B,GAAG,CAAC6B,UADO;AAEnBC,IAAAA,OAAO,EAAE,8BAFU;AAGnByD,IAAAA,SAAS,EAAE;AAHQ,GAArB;AAKD,CAXM","sourceRoot":"e:\\Engineering\\Research\\Programming\\Andela\\Stackup\\Papel\\server\\controllers","sourcesContent":["import jwt from 'jsonwebtoken';\r\nimport crypto from 'crypto';\r\nimport User from '../models/User';\r\nimport keys from '../config/keys';\r\nimport Database from '../database/database';\r\nimport compareToHashed from '../helpers/compareHash';\r\nimport sendEmail from '../utils/email';\r\nimport errorHandle from '../helpers/errorHandler';\r\nimport passHash from '../helpers/passHash';\r\n\r\nconst user = new User(); // initialise new user\r\nconst database = new Database(); // initialize database connection\r\n\r\n// sinup controller\r\nexport const signup = async (req, res) => {\r\n  try {\r\n    const { firstName, lastName, email, password } = req.body;\r\n\r\n    const userTable = await database.createUserTable();\r\n    if (userTable) {\r\n      user.setUser(firstName, lastName, email, 'client', password);\r\n      const newUser = user.getUser();\r\n      await database.addUser(newUser);\r\n      const token = jwt.sign(\r\n        { id: newUser.id, email: newUser.email },\r\n        keys.JWT_SECRETE,\r\n        {\r\n          expiresIn: '24h'\r\n        }\r\n      );\r\n\r\n      res.cookie('token', token, {\r\n        expiresIn: new Date(Date.now() + 24 * 60 * 60 * 1000),\r\n        secure: process.env.NODE_ENV === 'production',\r\n        httpOnly: true\r\n      });\r\n\r\n      res.status(201).json({\r\n        status: res.statusCode,\r\n        message: 'User Created Successfully',\r\n        data: {\r\n          token,\r\n          userProfile: {\r\n            firstName: newUser.firstName,\r\n            lastName: newUser.lastName,\r\n            email: newUser.email,\r\n            role: newUser.role\r\n          }\r\n        }\r\n      });\r\n    }\r\n  } catch (err) {\r\n    if (err.routine === '_bt_check_unique') {\r\n      res.status(409).json({\r\n        status: res.statusCode,\r\n        error: 'User Already exists'\r\n      });\r\n    } else {\r\n      res.status(500).json({\r\n        status: res.statusCode,\r\n        error: err.message\r\n      });\r\n    }\r\n  }\r\n};\r\n\r\n// login controller\r\nexport const login = async (req, res) => {\r\n  try {\r\n    const { email, password } = req.body;\r\n    const matches = await database.findUser(email);\r\n    if (matches.rows.length) {\r\n      // check if user is active\r\n      const isActive = matches.rows[0].status;\r\n      if (isActive === 'active') {\r\n        const hashedPass = matches.rows[0].password;\r\n        const areMatched = compareToHashed(hashedPass, password);\r\n        if (areMatched) {\r\n          const { firstName, lastName, id, role } = matches.rows[0];\r\n          const token = jwt.sign({ id, email }, keys.JWT_SECRETE, {\r\n            expiresIn: '24h'\r\n          });\r\n          res.cookie('token', token, {\r\n            expiresIn: new Date(Date.now() + 24 * 60 * 60 * 1000),\r\n            secure: process.env.NODE_ENV === 'production',\r\n            httpOnly: true\r\n          });\r\n          res.status(200).json({\r\n            status: res.statusCode,\r\n            message: 'User logged in successfully',\r\n            data: {\r\n              token,\r\n              userDetails: {\r\n                firstName,\r\n                lastName,\r\n                email,\r\n                role\r\n              }\r\n            }\r\n          });\r\n        } else {\r\n          res.status(401).json({\r\n            status: res.statusCode,\r\n            error: 'Invalid credentials'\r\n          });\r\n        }\r\n      } else {\r\n        res.status(401).json({\r\n          status: res.statusCode,\r\n          error: 'Unauthorized Access',\r\n          message: 'Your account is disabled'\r\n        });\r\n      }\r\n    } else {\r\n      res.status(401).json({\r\n        status: res.statusCode,\r\n        error: 'Invalid credentials'\r\n      });\r\n    }\r\n  } catch (err) {\r\n    res.status(500).json({\r\n      status: res.statusCode,\r\n      error: err.message\r\n    });\r\n  }\r\n};\r\n\r\nexport const forgotPassword = async (req, res) => {\r\n  // get user based on email\r\n  const { email } = req.body;\r\n  const resetUser = await database.findUser(email);\r\n  const found = resetUser.rows[0].email;\r\n  if (!found) {\r\n    res.status(404).json({ status: res.statusCode, error: 'User not found' });\r\n  }\r\n  // generate random toke\r\n  else {\r\n    const resetToken = crypto.randomBytes(32).toString('hex');\r\n    const hashToken = crypto\r\n      .createHash('sha256')\r\n      .update(resetToken)\r\n      .digest('hex');\r\n\r\n    const passExpires = new Date(Date.now() + 2 * 60 * 60 * 1000).toISOString();\r\n    // insert into databse\r\n    const resetTable = await database.createResetPassTable();\r\n    if (resetTable) {\r\n      const inserted = await database.addResetPassword(\r\n        hashToken,\r\n        passExpires,\r\n        email\r\n      );\r\n      if (inserted) {\r\n        // send token as email\r\n        const resetURL = `${req.protocol}://${req.get(\r\n          'host'\r\n        )}/api/auth/reset/${resetToken}`;\r\n\r\n        const message = `Forgot password? submit a PATCH request with your new password to: ${resetURL}\r\n        \\n If you didn't forget your password, ignore this message.`;\r\n        const html = `<p>Flow the link to reset: ${resetURL}</p>`;\r\n\r\n        try {\r\n          await sendEmail({\r\n            email,\r\n            subject: 'Your password reset token (valid for 2hours)',\r\n            message,\r\n            html\r\n          });\r\n\r\n          res.status(200).json({\r\n            status: res.statusCode,\r\n            message: 'Token sent to your email'\r\n          });\r\n        } catch (err) {\r\n          // delete the token from databse\r\n          await database.deleteResetToken(resetToken);\r\n          res.status(500).json({\r\n            status: res.statusCode,\r\n            error: 'Error sending email, try again later!'\r\n          });\r\n        }\r\n      }\r\n    }\r\n  }\r\n};\r\n\r\n// build reset page\r\nexport const buildResetPage = async (req, res) => {\r\n  // get user based on token\r\n  const resetToken = req.params.token;\r\n  const resetURL = `${req.protocol}://${req.get(\r\n    'host'\r\n  )}/api/auth/reset-password/${resetToken}`;\r\n\r\n  res.send(`\r\n      <!DOCTYPE html>\r\n    <html lang=\"en\">\r\n      <head>\r\n        <meta charset=\"UTF-8\" />\r\n        <meta name=\"viewport\" content=\"width=device-width, initial-scale=1.0\" />\r\n        <title>Reset Password for Papel</title>\r\n        <style>\r\n          @import url('https://fonts.googleapis.com/css?family=Arvo&display=swap');\r\n          body {\r\n            margin: 0;\r\n            font-family: 'Arvo', serif;\r\n          }\r\n          h5 {\r\n            text-align: center;\r\n            font-size: 1.5em;\r\n            color: rgb(211, 227, 230);\r\n          }\r\n          .container {\r\n            background-color: rgb(56, 152, 165);\r\n            width: max-content;\r\n            padding: 20px;\r\n            margin: 5% auto;\r\n          }\r\n          .login-container {\r\n            display: flex;\r\n            flex-direction: column;\r\n            justify-content: center;\r\n            align-items: center;\r\n\r\n            margin: auto;\r\n            margin-top: 40px;\r\n            border-radius: 10px;\r\n            width: max-content;\r\n          }\r\n          .login-container input {\r\n            padding: 10px;\r\n            border-radius: 5px;\r\n            margin-top: 10px;\r\n            margin-bottom: 10px;\r\n          }\r\n          .login-container #login-btn {\r\n            background-color: rgb(53, 138, 138);\r\n            color: rgb(209, 209, 209);\r\n            width: 97%;\r\n          }\r\n          .login-container #login-btn:hover {\r\n            background-color: rgb(64, 133, 138);\r\n          }\r\n        </style>\r\n      </head>\r\n      <body>\r\n        <div class=\"container\">\r\n          <h5>Password Reset</h5>\r\n          <form action=\"${resetURL}\" method=\"POST\" class=\"login-container\">\r\n            <input\r\n              type=\"password\"\r\n              id=\"newPass\"\r\n              name=\"newPass\"\r\n              placeholder=\"Enter your new password\"\r\n            />\r\n            <input type=\"submit\" value=\"Submit\" id=\"login-btn\" />\r\n          </form>\r\n        </div>\r\n      </body>\r\n    </html>\r\n  `);\r\n};\r\n// reset password\r\nexport const resetPassword = async (req, res) => {\r\n  try {\r\n    // get user based on token\r\n    const hashToken = crypto\r\n      .createHash('sha256')\r\n      .update(req.params.tokenback)\r\n      .digest('hex');\r\n    const userFind = await database.getResetToken(hashToken);\r\n    console.log(hashToken);\r\n    console.log(userFind.rows[0].resetToken);\r\n    const found = userFind.rows[0].expires;\r\n    const email = userFind.rows[0].userEmail;\r\n    console.log(email);\r\n    if (found) {\r\n      const expired = Date.parse(found) < new Date();\r\n      if (expired) {\r\n        res.status(403).json({\r\n          status: res.statusCode,\r\n          error: 'Your Token has expired!'\r\n        });\r\n      } else {\r\n        // get a new password\r\n        const { newPass } = req.body;\r\n        await database.deleteResetToken(hashToken);\r\n        const pass = passHash(newPass);\r\n        const updated = await database.updatePassword(email, pass);\r\n        if (updated) {\r\n          res.redirect(\r\n            'https://francois-mugorozi.github.io/Papel/UI/pages/login.html'\r\n          );\r\n          res.status(200).json({\r\n            status: res.statusCode,\r\n            message: 'Password changed successfully'\r\n          });\r\n        } else {\r\n          res.status(500).json({\r\n            status: res.statusCode,\r\n            error: 'Something went wrong, try again later!'\r\n          });\r\n        }\r\n      }\r\n    }\r\n  } catch (err) {\r\n    errorHandle(res, err);\r\n  }\r\n};\r\n\r\n// logout user\r\nexport const logout = (req, res) => {\r\n  res.cookie('token', 'tokendestroyed', {\r\n    expiresIn: new Date(Date.now() + 24 * 60 * 60 * 1000),\r\n    secure: process.env.NODE_ENV === 'production',\r\n    httpOnly: true\r\n  });\r\n  res.status(200).json({\r\n    status: res.statusCode,\r\n    message: 'User logged out successfully',\r\n    loggedOut: true\r\n  });\r\n};\r\n"]},"_coverageSchema":"1a1c01bbd47fc00a2c39e90264f33305004495a9","hash":"9b9dbd1d97b2b9a4432e0a72ebda0df0467ec82c","contentHash":"10c07cbc65760b01c14d6fde643550193091210b64bdbba0fb9fe18fb2641cdb"},"e:\\Engineering\\Research\\Programming\\Andela\\Stackup\\Papel\\server\\models\\User.js":{"path":"e:\\Engineering\\Research\\Programming\\Andela\\Stackup\\Papel\\server\\models\\User.js","statementMap":{"0":{"start":{"line":3,"column":0},"end":{"line":5,"column":3}},"1":{"start":{"line":6,"column":0},"end":{"line":6,"column":28}},"2":{"start":{"line":8,"column":9},"end":{"line":8,"column":51}},"3":{"start":{"line":10,"column":16},"end":{"line":10,"column":70}},"4":{"start":{"line":12,"column":39},"end":{"line":12,"column":95}},"5":{"start":{"line":14,"column":50},"end":{"line":14,"column":151}},"6":{"start":{"line":14,"column":92},"end":{"line":14,"column":149}},"7":{"start":{"line":16,"column":44},"end":{"line":16,"column":315}},"8":{"start":{"line":16,"column":57},"end":{"line":16,"column":58}},"9":{"start":{"line":16,"column":102},"end":{"line":16,"column":110}},"10":{"start":{"line":16,"column":112},"end":{"line":16,"column":167}},"11":{"start":{"line":16,"column":168},"end":{"line":16,"column":199}},"12":{"start":{"line":16,"column":200},"end":{"line":16,"column":254}},"13":{"start":{"line":16,"column":227},"end":{"line":16,"column":254}},"14":{"start":{"line":16,"column":255},"end":{"line":16,"column":313}},"15":{"start":{"line":18,"column":62},"end":{"line":18,"column":131}},"16":{"start":{"line":18,"column":78},"end":{"line":18,"column":131}},"17":{"start":{"line":18,"column":132},"end":{"line":18,"column":193}},"18":{"start":{"line":18,"column":149},"end":{"line":18,"column":193}},"19":{"start":{"line":18,"column":194},"end":{"line":18,"column":213}},"20":{"start":{"line":22,"column":0},"end":{"line":68,"column":3}},"21":{"start":{"line":25,"column":4},"end":{"line":25,"column":32}},"22":{"start":{"line":27,"column":4},"end":{"line":27,"column":17}},"23":{"start":{"line":28,"column":4},"end":{"line":28,"column":24}},"24":{"start":{"line":29,"column":4},"end":{"line":29,"column":23}},"25":{"start":{"line":30,"column":4},"end":{"line":30,"column":20}},"26":{"start":{"line":31,"column":4},"end":{"line":31,"column":19}},"27":{"start":{"line":32,"column":4},"end":{"line":32,"column":22}},"28":{"start":{"line":33,"column":4},"end":{"line":33,"column":21}},"29":{"start":{"line":34,"column":4},"end":{"line":34,"column":23}},"30":{"start":{"line":38,"column":2},"end":{"line":65,"column":6}},"31":{"start":{"line":41,"column":6},"end":{"line":41,"column":37}},"32":{"start":{"line":42,"column":6},"end":{"line":42,"column":33}},"33":{"start":{"line":43,"column":6},"end":{"line":43,"column":31}},"34":{"start":{"line":44,"column":6},"end":{"line":44,"column":25}},"35":{"start":{"line":45,"column":6},"end":{"line":45,"column":23}},"36":{"start":{"line":46,"column":6},"end":{"line":46,"column":38}},"37":{"start":{"line":47,"column":6},"end":{"line":47,"column":29}},"38":{"start":{"line":48,"column":6},"end":{"line":48,"column":58}},"39":{"start":{"line":54,"column":6},"end":{"line":63,"column":8}},"40":{"start":{"line":67,"column":2},"end":{"line":67,"column":14}},"41":{"start":{"line":70,"column":15},"end":{"line":70,"column":19}},"42":{"start":{"line":71,"column":0},"end":{"line":71,"column":30}}},"fnMap":{"0":{"name":"_interopRequireDefault","decl":{"start":{"line":12,"column":9},"end":{"line":12,"column":31}},"loc":{"start":{"line":12,"column":37},"end":{"line":12,"column":97}},"line":12},"1":{"name":"_classCallCheck","decl":{"start":{"line":14,"column":9},"end":{"line":14,"column":24}},"loc":{"start":{"line":14,"column":48},"end":{"line":14,"column":153}},"line":14},"2":{"name":"_defineProperties","decl":{"start":{"line":16,"column":9},"end":{"line":16,"column":26}},"loc":{"start":{"line":16,"column":42},"end":{"line":16,"column":317}},"line":16},"3":{"name":"_createClass","decl":{"start":{"line":18,"column":9},"end":{"line":18,"column":21}},"loc":{"start":{"line":18,"column":60},"end":{"line":18,"column":215}},"line":18},"4":{"name":"(anonymous_4)","decl":{"start":{"line":22,"column":0},"end":{"line":22,"column":1}},"loc":{"start":{"line":22,"column":12},"end":{"line":68,"column":1}},"line":22},"5":{"name":"User","decl":{"start":{"line":24,"column":11},"end":{"line":24,"column":15}},"loc":{"start":{"line":24,"column":18},"end":{"line":35,"column":3}},"line":24},"6":{"name":"setUser","decl":{"start":{"line":40,"column":20},"end":{"line":40,"column":27}},"loc":{"start":{"line":40,"column":72},"end":{"line":49,"column":5}},"line":40},"7":{"name":"getUser","decl":{"start":{"line":53,"column":20},"end":{"line":53,"column":27}},"loc":{"start":{"line":53,"column":30},"end":{"line":64,"column":5}},"line":53}},"branchMap":{"0":{"loc":{"start":{"line":12,"column":46},"end":{"line":12,"column":94}},"type":"cond-expr","locations":[{"start":{"line":12,"column":70},"end":{"line":12,"column":73}},{"start":{"line":12,"column":76},"end":{"line":12,"column":94}}],"line":12},"1":{"loc":{"start":{"line":12,"column":46},"end":{"line":12,"column":67}},"type":"binary-expr","locations":[{"start":{"line":12,"column":46},"end":{"line":12,"column":49}},{"start":{"line":12,"column":53},"end":{"line":12,"column":67}}],"line":12},"2":{"loc":{"start":{"line":14,"column":50},"end":{"line":14,"column":151}},"type":"if","locations":[{"start":{"line":14,"column":50},"end":{"line":14,"column":151}},{"start":{"line":14,"column":50},"end":{"line":14,"column":151}}],"line":14},"3":{"loc":{"start":{"line":16,"column":136},"end":{"line":16,"column":166}},"type":"binary-expr","locations":[{"start":{"line":16,"column":136},"end":{"line":16,"column":157}},{"start":{"line":16,"column":161},"end":{"line":16,"column":166}}],"line":16},"4":{"loc":{"start":{"line":16,"column":200},"end":{"line":16,"column":254}},"type":"if","locations":[{"start":{"line":16,"column":200},"end":{"line":16,"column":254}},{"start":{"line":16,"column":200},"end":{"line":16,"column":254}}],"line":16},"5":{"loc":{"start":{"line":18,"column":62},"end":{"line":18,"column":131}},"type":"if","locations":[{"start":{"line":18,"column":62},"end":{"line":18,"column":131}},{"start":{"line":18,"column":62},"end":{"line":18,"column":131}}],"line":18},"6":{"loc":{"start":{"line":18,"column":132},"end":{"line":18,"column":193}},"type":"if","locations":[{"start":{"line":18,"column":132},"end":{"line":18,"column":193}},{"start":{"line":18,"column":132},"end":{"line":18,"column":193}}],"line":18}},"s":{"0":1,"1":1,"2":1,"3":1,"4":2,"5":2,"6":0,"7":1,"8":1,"9":2,"10":2,"11":2,"12":2,"13":2,"14":2,"15":1,"16":1,"17":1,"18":0,"19":1,"20":1,"21":2,"22":2,"23":2,"24":2,"25":2,"26":2,"27":2,"28":2,"29":2,"30":1,"31":12,"32":12,"33":12,"34":12,"35":12,"36":12,"37":12,"38":12,"39":12,"40":1,"41":1,"42":1},"f":{"0":2,"1":2,"2":1,"3":1,"4":1,"5":2,"6":12,"7":12},"b":{"0":[1,1],"1":[2,2],"2":[0,2],"3":[2,2],"4":[2,0],"5":[1,0],"6":[0,1]},"inputSourceMap":{"version":3,"sources":["User.js"],"names":["User","id","firstName","lastName","email","role","isAdmin","status","password"],"mappings":";;;;;;;AAAA;;AACA;;;;;;;;;;IAEMA,I;;;AACJ;AACA,kBAAc;AAAA;;AACZ,SAAKC,EAAL,GAAU,EAAV;AACA,SAAKC,SAAL,GAAiB,EAAjB;AACA,SAAKC,QAAL,GAAgB,EAAhB;AACA,SAAKC,KAAL,GAAa,EAAb;AACA,SAAKC,IAAL,GAAY,EAAZ;AACA,SAAKC,OAAL,GAAe,EAAf;AACA,SAAKC,MAAL,GAAc,EAAd;AACA,SAAKC,QAAL,GAAgB,EAAhB;AACD,G,CAED;;;;;4BAEQN,S,EAAWC,Q,EAAUC,K,EAAOC,I,EAAMG,Q,EAAU;AAClD,WAAKP,EAAL,GAAU,oBAAV;AACA,WAAKC,SAAL,GAAiBA,SAAjB;AACA,WAAKC,QAAL,GAAgBA,QAAhB;AACA,WAAKC,KAAL,GAAaA,KAAb;AACA,WAAKC,IAAL,GAAYA,IAAZ;AACA,WAAKC,OAAL,GAAeD,IAAI,KAAK,OAAxB;AACA,WAAKE,MAAL,GAAc,QAAd;AACA,WAAKC,QAAL,GAAgB,0BAASA,QAAT,CAAhB;AACD,K,CAED;;;;8BACU;AACR,aAAO;AACLP,QAAAA,EAAE,EAAE,KAAKA,EADJ;AAELC,QAAAA,SAAS,EAAE,KAAKA,SAFX;AAGLC,QAAAA,QAAQ,EAAE,KAAKA,QAHV;AAILC,QAAAA,KAAK,EAAE,KAAKA,KAJP;AAKLC,QAAAA,IAAI,EAAE,KAAKA,IALN;AAMLC,QAAAA,OAAO,EAAE,KAAKA,OANT;AAOLC,QAAAA,MAAM,EAAE,KAAKA,MAPR;AAQLC,QAAAA,QAAQ,EAAE,KAAKA;AARV,OAAP;AAUD;;;;;;eAGYR,I","sourceRoot":"e:\\Engineering\\Research\\Programming\\Andela\\Stackup\\Papel\\server\\models","sourcesContent":["import generateId from 'uuid/v1';\r\nimport passHash from '../helpers/passHash';\r\n\r\nclass User {\r\n  // initialization\r\n  constructor() {\r\n    this.id = '';\r\n    this.firstName = '';\r\n    this.lastName = '';\r\n    this.email = '';\r\n    this.role = '';\r\n    this.isAdmin = '';\r\n    this.status = '';\r\n    this.password = '';\r\n  }\r\n\r\n  // setting up user\r\n\r\n  setUser(firstName, lastName, email, role, password) {\r\n    this.id = generateId();\r\n    this.firstName = firstName;\r\n    this.lastName = lastName;\r\n    this.email = email;\r\n    this.role = role;\r\n    this.isAdmin = role === 'admin';\r\n    this.status = 'active';\r\n    this.password = passHash(password);\r\n  }\r\n\r\n  // user getter\r\n  getUser() {\r\n    return {\r\n      id: this.id,\r\n      firstName: this.firstName,\r\n      lastName: this.lastName,\r\n      email: this.email,\r\n      role: this.role,\r\n      isAdmin: this.isAdmin,\r\n      status: this.status,\r\n      password: this.password\r\n    };\r\n  }\r\n}\r\n\r\nexport default User;\r\n"]},"_coverageSchema":"1a1c01bbd47fc00a2c39e90264f33305004495a9","hash":"8201200cb9af77a0ae69de7531c1f1fe0b7b098b","contentHash":"d7ada1e486e676126e34ee944852270e88734257b06086ab0b7059cba7de324e"},"e:\\Engineering\\Research\\Programming\\Andela\\Stackup\\Papel\\server\\helpers\\passHash.js":{"path":"e:\\Engineering\\Research\\Programming\\Andela\\Stackup\\Papel\\server\\helpers\\passHash.js","statementMap":{"0":{"start":{"line":3,"column":0},"end":{"line":5,"column":3}},"1":{"start":{"line":6,"column":0},"end":{"line":6,"column":28}},"2":{"start":{"line":8,"column":14},"end":{"line":8,"column":55}},"3":{"start":{"line":10,"column":39},"end":{"line":10,"column":95}},"4":{"start":{"line":12,"column":15},"end":{"line":14,"column":1}},"5":{"start":{"line":13,"column":2},"end":{"line":13,"column":78}},"6":{"start":{"line":16,"column":15},"end":{"line":16,"column":23}},"7":{"start":{"line":17,"column":0},"end":{"line":17,"column":30}}},"fnMap":{"0":{"name":"_interopRequireDefault","decl":{"start":{"line":10,"column":9},"end":{"line":10,"column":31}},"loc":{"start":{"line":10,"column":37},"end":{"line":10,"column":97}},"line":10},"1":{"name":"passHash","decl":{"start":{"line":12,"column":24},"end":{"line":12,"column":32}},"loc":{"start":{"line":12,"column":39},"end":{"line":14,"column":1}},"line":12}},"branchMap":{"0":{"loc":{"start":{"line":10,"column":46},"end":{"line":10,"column":94}},"type":"cond-expr","locations":[{"start":{"line":10,"column":70},"end":{"line":10,"column":73}},{"start":{"line":10,"column":76},"end":{"line":10,"column":94}}],"line":10},"1":{"loc":{"start":{"line":10,"column":46},"end":{"line":10,"column":67}},"type":"binary-expr","locations":[{"start":{"line":10,"column":46},"end":{"line":10,"column":49}},{"start":{"line":10,"column":53},"end":{"line":10,"column":67}}],"line":10}},"s":{"0":1,"1":1,"2":1,"3":1,"4":1,"5":12,"6":1,"7":1},"f":{"0":1,"1":12},"b":{"0":[0,1],"1":[1,1]},"inputSourceMap":{"version":3,"sources":["passHash.js"],"names":["passHash","pswd","bcrypt","hashSync","genSaltSync"],"mappings":";;;;;;;AAAA;;;;AAEA,IAAMA,QAAQ,GAAG,SAAXA,QAAW,CAAAC,IAAI;AAAA,SAAIC,mBAAOC,QAAP,CAAgBF,IAAhB,EAAsBC,mBAAOE,WAAP,CAAmB,CAAnB,CAAtB,CAAJ;AAAA,CAArB;;eACeJ,Q","sourceRoot":"e:\\Engineering\\Research\\Programming\\Andela\\Stackup\\Papel\\server\\helpers","sourcesContent":["import bcrypt from 'bcrypt';\r\n\r\nconst passHash = pswd => bcrypt.hashSync(pswd, bcrypt.genSaltSync(5));\r\nexport default passHash;\r\n"]},"_coverageSchema":"1a1c01bbd47fc00a2c39e90264f33305004495a9","hash":"98dc8ef4b36735caed077b91c4508c3b378691e7","contentHash":"684eb6a1f6052281c5f0b76ad2aa4a6770c87c1e8050271200bc57cf3b37d607"},"e:\\Engineering\\Research\\Programming\\Andela\\Stackup\\Papel\\server\\config\\keys.js":{"path":"e:\\Engineering\\Research\\Programming\\Andela\\Stackup\\Papel\\server\\config\\keys.js","statementMap":{"0":{"start":{"line":3,"column":0},"end":{"line":5,"column":3}},"1":{"start":{"line":6,"column":0},"end":{"line":6,"column":28}},"2":{"start":{"line":8,"column":12},"end":{"line":8,"column":53}},"3":{"start":{"line":10,"column":11},"end":{"line":10,"column":51}},"4":{"start":{"line":12,"column":39},"end":{"line":12,"column":95}},"5":{"start":{"line":14,"column":11},"end":{"line":14,"column":85}},"6":{"start":{"line":15,"column":15},"end":{"line":15,"column":19}},"7":{"start":{"line":16,"column":0},"end":{"line":16,"column":30}}},"fnMap":{"0":{"name":"_interopRequireDefault","decl":{"start":{"line":12,"column":9},"end":{"line":12,"column":31}},"loc":{"start":{"line":12,"column":37},"end":{"line":12,"column":97}},"line":12}},"branchMap":{"0":{"loc":{"start":{"line":12,"column":46},"end":{"line":12,"column":94}},"type":"cond-expr","locations":[{"start":{"line":12,"column":70},"end":{"line":12,"column":73}},{"start":{"line":12,"column":76},"end":{"line":12,"column":94}}],"line":12},"1":{"loc":{"start":{"line":12,"column":46},"end":{"line":12,"column":67}},"type":"binary-expr","locations":[{"start":{"line":12,"column":46},"end":{"line":12,"column":49}},{"start":{"line":12,"column":53},"end":{"line":12,"column":67}}],"line":12},"2":{"loc":{"start":{"line":14,"column":11},"end":{"line":14,"column":85}},"type":"cond-expr","locations":[{"start":{"line":14,"column":51},"end":{"line":14,"column":67}},{"start":{"line":14,"column":70},"end":{"line":14,"column":85}}],"line":14}},"s":{"0":1,"1":1,"2":1,"3":1,"4":2,"5":1,"6":1,"7":1},"f":{"0":2},"b":{"0":[2,0],"1":[2,2],"2":[0,1]},"inputSourceMap":{"version":3,"sources":["keys.js"],"names":["keys","process","env","NODE_ENV","prodKeys","devKeys"],"mappings":";;;;;;;AAAA;;AACA;;;;AAEA,IAAMA,IAAI,GAAGC,OAAO,CAACC,GAAR,CAAYC,QAAZ,KAAyB,YAAzB,GAAwCC,gBAAxC,GAAmDC,eAAhE;eAEeL,I","sourceRoot":"e:\\Engineering\\Research\\Programming\\Andela\\Stackup\\Papel\\server\\config","sourcesContent":["import prodKeys from './prod';\r\nimport devKeys from './dev';\r\n\r\nconst keys = process.env.NODE_ENV === 'production' ? prodKeys : devKeys;\r\n\r\nexport default keys;\r\n"]},"_coverageSchema":"1a1c01bbd47fc00a2c39e90264f33305004495a9","hash":"4236de166f6d37331526d1cb0739f6e9955c0d96","contentHash":"c0e703f42834f64841cc9050a81fc5a0e651527b87d4d164c3c2d78654da377a"},"e:\\Engineering\\Research\\Programming\\Andela\\Stackup\\Papel\\server\\config\\prod.js":{"path":"e:\\Engineering\\Research\\Programming\\Andela\\Stackup\\Papel\\server\\config\\prod.js","statementMap":{"0":{"start":{"line":3,"column":0},"end":{"line":5,"column":3}},"1":{"start":{"line":6,"column":0},"end":{"line":6,"column":28}},"2":{"start":{"line":7,"column":15},"end":{"line":11,"column":1}},"3":{"start":{"line":12,"column":15},"end":{"line":12,"column":23}},"4":{"start":{"line":13,"column":0},"end":{"line":13,"column":30}}},"fnMap":{},"branchMap":{},"s":{"0":1,"1":1,"2":1,"3":1,"4":1},"f":{},"b":{},"inputSourceMap":{"version":3,"sources":["prod.js"],"names":["prodKeys","JWT_SECRETE","process","env","FROM_EMAIL","FROM_PASSWORD"],"mappings":";;;;;;AAAA,IAAMA,QAAQ,GAAG;AACfC,EAAAA,WAAW,EAAEC,OAAO,CAACC,GAAR,CAAYF,WADV;AAEfG,EAAAA,UAAU,EAAEF,OAAO,CAACC,GAAR,CAAYC,UAFT;AAGfC,EAAAA,aAAa,EAAEH,OAAO,CAACC,GAAR,CAAYE;AAHZ,CAAjB;eAMeL,Q","sourceRoot":"e:\\Engineering\\Research\\Programming\\Andela\\Stackup\\Papel\\server\\config","sourcesContent":["const prodKeys = {\r\n  JWT_SECRETE: process.env.JWT_SECRETE,\r\n  FROM_EMAIL: process.env.FROM_EMAIL,\r\n  FROM_PASSWORD: process.env.FROM_PASSWORD\r\n};\r\n\r\nexport default prodKeys;\r\n"]},"_coverageSchema":"1a1c01bbd47fc00a2c39e90264f33305004495a9","hash":"9f95514b047b16acc9507fabdbd4c6ec8a44130c","contentHash":"3911ee6e7561301e0b6cb67a547ea0bef4b5be311db0163c25e6f237073018bc"},"e:\\Engineering\\Research\\Programming\\Andela\\Stackup\\Papel\\server\\config\\dev.js":{"path":"e:\\Engineering\\Research\\Programming\\Andela\\Stackup\\Papel\\server\\config\\dev.js","statementMap":{"0":{"start":{"line":3,"column":0},"end":{"line":5,"column":3}},"1":{"start":{"line":6,"column":0},"end":{"line":6,"column":28}},"2":{"start":{"line":7,"column":14},"end":{"line":11,"column":1}},"3":{"start":{"line":12,"column":15},"end":{"line":12,"column":22}},"4":{"start":{"line":13,"column":0},"end":{"line":13,"column":30}}},"fnMap":{},"branchMap":{},"s":{"0":1,"1":1,"2":1,"3":1,"4":1},"f":{},"b":{},"inputSourceMap":{"version":3,"sources":["dev.js"],"names":["devKeys","JWT_SECRETE","FROM_EMAIL","FROM_PASSWORD"],"mappings":";;;;;;AAAA,IAAMA,OAAO,GAAG;AACdC,EAAAA,WAAW,EAAE,oCADC;AAEdC,EAAAA,UAAU,EAAE,4BAFE;AAGdC,EAAAA,aAAa,EAAE;AAHD,CAAhB;eAMeH,O","sourceRoot":"e:\\Engineering\\Research\\Programming\\Andela\\Stackup\\Papel\\server\\config","sourcesContent":["const devKeys = {\r\n  JWT_SECRETE: 'hddhgkks-dhjhjds-sjhdjgkdf-dshhjhk',\r\n  FROM_EMAIL: 'francoismugorozi@gmail.com',\r\n  FROM_PASSWORD: 'specialmagicELO'\r\n};\r\n\r\nexport default devKeys;\r\n"]},"_coverageSchema":"1a1c01bbd47fc00a2c39e90264f33305004495a9","hash":"b643ddf30bd24d834da57de4df34ea16ef1e6b13","contentHash":"13525049db26c27476ec1cae8e4d15590a8ea378f04e3a52e13bedede1d64442"},"e:\\Engineering\\Research\\Programming\\Andela\\Stackup\\Papel\\server\\database\\database.js":{"path":"e:\\Engineering\\Research\\Programming\\Andela\\Stackup\\Papel\\server\\database\\database.js","statementMap":{"0":{"start":{"line":3,"column":0},"end":{"line":5,"column":3}},"1":{"start":{"line":6,"column":0},"end":{"line":6,"column":28}},"2":{"start":{"line":8,"column":10},"end":{"line":8,"column":23}},"3":{"start":{"line":10,"column":77},"end":{"line":10,"column":175}},"4":{"start":{"line":10,"column":94},"end":{"line":10,"column":107}},"5":{"start":{"line":10,"column":121},"end":{"line":10,"column":131}},"6":{"start":{"line":10,"column":151},"end":{"line":10,"column":165}},"7":{"start":{"line":10,"column":166},"end":{"line":10,"column":173}},"8":{"start":{"line":10,"column":176},"end":{"line":10,"column":263}},"9":{"start":{"line":10,"column":193},"end":{"line":10,"column":208}},"10":{"start":{"line":10,"column":218},"end":{"line":10,"column":261}},"11":{"start":{"line":12,"column":33},"end":{"line":12,"column":387}},"12":{"start":{"line":12,"column":65},"end":{"line":12,"column":69}},"13":{"start":{"line":12,"column":78},"end":{"line":12,"column":87}},"14":{"start":{"line":12,"column":89},"end":{"line":12,"column":384}},"15":{"start":{"line":12,"column":147},"end":{"line":12,"column":167}},"16":{"start":{"line":12,"column":193},"end":{"line":12,"column":264}},"17":{"start":{"line":12,"column":290},"end":{"line":12,"column":360}},"18":{"start":{"line":12,"column":363},"end":{"line":12,"column":380}},"19":{"start":{"line":14,"column":50},"end":{"line":14,"column":151}},"20":{"start":{"line":14,"column":92},"end":{"line":14,"column":149}},"21":{"start":{"line":16,"column":44},"end":{"line":16,"column":315}},"22":{"start":{"line":16,"column":57},"end":{"line":16,"column":58}},"23":{"start":{"line":16,"column":102},"end":{"line":16,"column":110}},"24":{"start":{"line":16,"column":112},"end":{"line":16,"column":167}},"25":{"start":{"line":16,"column":168},"end":{"line":16,"column":199}},"26":{"start":{"line":16,"column":200},"end":{"line":16,"column":254}},"27":{"start":{"line":16,"column":227},"end":{"line":16,"column":254}},"28":{"start":{"line":16,"column":255},"end":{"line":16,"column":313}},"29":{"start":{"line":18,"column":62},"end":{"line":18,"column":131}},"30":{"start":{"line":18,"column":78},"end":{"line":18,"column":131}},"31":{"start":{"line":18,"column":132},"end":{"line":18,"column":193}},"32":{"start":{"line":18,"column":149},"end":{"line":18,"column":193}},"33":{"start":{"line":18,"column":194},"end":{"line":18,"column":213}},"34":{"start":{"line":21,"column":19},"end":{"line":21,"column":56}},"35":{"start":{"line":23,"column":14},"end":{"line":23,"column":67}},"36":{"start":{"line":25,"column":11},"end":{"line":27,"column":2}},"37":{"start":{"line":31,"column":0},"end":{"line":940,"column":3}},"38":{"start":{"line":33,"column":4},"end":{"line":33,"column":36}},"39":{"start":{"line":37,"column":4},"end":{"line":37,"column":489}},"40":{"start":{"line":39,"column":4},"end":{"line":39,"column":418}},"41":{"start":{"line":41,"column":4},"end":{"line":41,"column":397}},"42":{"start":{"line":43,"column":4},"end":{"line":43,"column":180}},"43":{"start":{"line":47,"column":2},"end":{"line":937,"column":6}},"44":{"start":{"line":50,"column":34},"end":{"line":65,"column":9}},"45":{"start":{"line":53,"column":8},"end":{"line":64,"column":26}},"46":{"start":{"line":54,"column":10},"end":{"line":63,"column":11}},"47":{"start":{"line":55,"column":12},"end":{"line":62,"column":13}},"48":{"start":{"line":57,"column":16},"end":{"line":57,"column":91}},"49":{"start":{"line":61,"column":16},"end":{"line":61,"column":39}},"50":{"start":{"line":68,"column":8},"end":{"line":68,"column":60}},"51":{"start":{"line":71,"column":6},"end":{"line":71,"column":34}},"52":{"start":{"line":77,"column":30},"end":{"line":93,"column":9}},"53":{"start":{"line":80,"column":8},"end":{"line":92,"column":27}},"54":{"start":{"line":81,"column":10},"end":{"line":91,"column":11}},"55":{"start":{"line":82,"column":12},"end":{"line":90,"column":13}},"56":{"start":{"line":84,"column":16},"end":{"line":84,"column":178}},"57":{"start":{"line":85,"column":16},"end":{"line":85,"column":79}},"58":{"start":{"line":89,"column":16},"end":{"line":89,"column":40}},"59":{"start":{"line":96,"column":8},"end":{"line":96,"column":56}},"60":{"start":{"line":99,"column":6},"end":{"line":99,"column":30}},"61":{"start":{"line":105,"column":27},"end":{"line":121,"column":9}},"62":{"start":{"line":108,"column":8},"end":{"line":120,"column":27}},"63":{"start":{"line":109,"column":10},"end":{"line":119,"column":11}},"64":{"start":{"line":110,"column":12},"end":{"line":118,"column":13}},"65":{"start":{"line":112,"column":16},"end":{"line":112,"column":102}},"66":{"start":{"line":113,"column":16},"end":{"line":113,"column":79}},"67":{"start":{"line":117,"column":16},"end":{"line":117,"column":40}},"68":{"start":{"line":124,"column":8},"end":{"line":124,"column":53}},"69":{"start":{"line":127,"column":6},"end":{"line":127,"column":27}},"70":{"start":{"line":133,"column":30},"end":{"line":149,"column":9}},"71":{"start":{"line":136,"column":8},"end":{"line":148,"column":27}},"72":{"start":{"line":137,"column":10},"end":{"line":147,"column":11}},"73":{"start":{"line":138,"column":12},"end":{"line":146,"column":13}},"74":{"start":{"line":140,"column":16},"end":{"line":140,"column":100}},"75":{"start":{"line":141,"column":16},"end":{"line":141,"column":79}},"76":{"start":{"line":145,"column":16},"end":{"line":145,"column":40}},"77":{"start":{"line":152,"column":8},"end":{"line":152,"column":56}},"78":{"start":{"line":155,"column":6},"end":{"line":155,"column":30}},"79":{"start":{"line":161,"column":28},"end":{"line":177,"column":9}},"80":{"start":{"line":164,"column":8},"end":{"line":176,"column":27}},"81":{"start":{"line":165,"column":10},"end":{"line":175,"column":11}},"82":{"start":{"line":166,"column":12},"end":{"line":174,"column":13}},"83":{"start":{"line":168,"column":16},"end":{"line":168,"column":125}},"84":{"start":{"line":169,"column":16},"end":{"line":169,"column":86}},"85":{"start":{"line":173,"column":16},"end":{"line":173,"column":40}},"86":{"start":{"line":180,"column":8},"end":{"line":180,"column":54}},"87":{"start":{"line":183,"column":6},"end":{"line":183,"column":28}},"88":{"start":{"line":189,"column":29},"end":{"line":204,"column":9}},"89":{"start":{"line":192,"column":8},"end":{"line":203,"column":27}},"90":{"start":{"line":193,"column":10},"end":{"line":202,"column":11}},"91":{"start":{"line":194,"column":12},"end":{"line":201,"column":13}},"92":{"start":{"line":196,"column":
[...]
":254}},"12":{"start":{"line":14,"column":227},"end":{"line":14,"column":254}},"13":{"start":{"line":14,"column":255},"end":{"line":14,"column":313}},"14":{"start":{"line":16,"column":62},"end":{"line":16,"column":131}},"15":{"start":{"line":16,"column":78},"end":{"line":16,"column":131}},"16":{"start":{"line":16,"column":132},"end":{"line":16,"column":193}},"17":{"start":{"line":16,"column":149},"end":{"line":16,"column":193}},"18":{"start":{"line":16,"column":194},"end":{"line":16,"column":213}},"19":{"start":{"line":20,"column":0},"end":{"line":54,"column":3}},"20":{"start":{"line":22,"column":4},"end":{"line":22,"column":36}},"21":{"start":{"line":24,"column":4},"end":{"line":24,"column":20}},"22":{"start":{"line":27,"column":2},"end":{"line":51,"column":6}},"23":{"start":{"line":30,"column":21},"end":{"line":30,"column":54}},"24":{"start":{"line":32,"column":17},"end":{"line":37,"column":7}},"25":{"start":{"line":38,"column":6},"end":{"line":38,"column":28}},"26":{"start":{"line":39,"column":6},"end":{"line":39,"column":18}},"27":{"start":{"line":44,"column":17},"end":{"line":47,"column":7}},"28":{"start":{"line":48,"column":6},"end":{"line":48,"column":24}},"29":{"start":{"line":49,"column":6},"end":{"line":49,"column":18}},"30":{"start":{"line":53,"column":2},"end":{"line":53,"column":18}},"31":{"start":{"line":56,"column":15},"end":{"line":56,"column":23}},"32":{"start":{"line":57,"column":0},"end":{"line":57,"column":30}}},"fnMap":{"0":{"name":"_interopRequireDefault","decl":{"start":{"line":10,"column":9},"end":{"line":10,"column":31}},"loc":{"start":{"line":10,"column":37},"end":{"line":10,"column":97}},"line":10},"1":{"name":"_classCallCheck","decl":{"start":{"line":12,"column":9},"end":{"line":12,"column":24}},"loc":{"start":{"line":12,"column":48},"end":{"line":12,"column":153}},"line":12},"2":{"name":"_defineProperties","decl":{"start":{"line":14,"column":9},"end":{"line":14,"column":26}},"loc":{"start":{"line":14,"column":42},"end":{"line":14,"column":317}},"line":14},"3":{"name":"_createClass","decl":{"start":{"line":16,"column":9},"end":{"line":16,"column":21}},"loc":{"start":{"line":16,"column":60},"end":{"line":16,"column":215}},"line":16},"4":{"name":"(anonymous_4)","decl":{"start":{"line":20,"column":0},"end":{"line":20,"column":1}},"loc":{"start":{"line":20,"column":12},"end":{"line":54,"column":1}},"line":20},"5":{"name":"FakeUser","decl":{"start":{"line":21,"column":11},"end":{"line":21,"column":19}},"loc":{"start":{"line":21,"column":22},"end":{"line":25,"column":3}},"line":21},"6":{"name":"generateFakeUser","decl":{"start":{"line":29,"column":20},"end":{"line":29,"column":36}},"loc":{"start":{"line":29,"column":39},"end":{"line":40,"column":5}},"line":29},"7":{"name":"generateAdmin","decl":{"start":{"line":43,"column":20},"end":{"line":43,"column":33}},"loc":{"start":{"line":43,"column":36},"end":{"line":50,"column":5}},"line":43}},"branchMap":{"0":{"loc":{"start":{"line":10,"column":46},"end":{"line":10,"column":94}},"type":"cond-expr","locations":[{"start":{"line":10,"column":70},"end":{"line":10,"column":73}},{"start":{"line":10,"column":76},"end":{"line":10,"column":94}}],"line":10},"1":{"loc":{"start":{"line":10,"column":46},"end":{"line":10,"column":67}},"type":"binary-expr","locations":[{"start":{"line":10,"column":46},"end":{"line":10,"column":49}},{"start":{"line":10,"column":53},"end":{"line":10,"column":67}}],"line":10},"2":{"loc":{"start":{"line":12,"column":50},"end":{"line":12,"column":151}},"type":"if","locations":[{"start":{"line":12,"column":50},"end":{"line":12,"column":151}},{"start":{"line":12,"column":50},"end":{"line":12,"column":151}}],"line":12},"3":{"loc":{"start":{"line":14,"column":136},"end":{"line":14,"column":166}},"type":"binary-expr","locations":[{"start":{"line":14,"column":136},"end":{"line":14,"column":157}},{"start":{"line":14,"column":161},"end":{"line":14,"column":166}}],"line":14},"4":{"loc":{"start":{"line":14,"column":200},"end":{"line":14,"column":254}},"type":"if","locations":[{"start":{"line":14,"column":200},"end":{"line":14,"column":254}},{"start":{"line":14,"column":200},"end":{"line":14,"column":254}}],"line":14},"5":{"loc":{"start":{"line":16,"column":62},"end":{"line":16,"column":131}},"type":"if","locations":[{"start":{"line":16,"column":62},"end":{"line":16,"column":131}},{"start":{"line":16,"column":62},"end":{"line":16,"column":131}}],"line":16},"6":{"loc":{"start":{"line":16,"column":132},"end":{"line":16,"column":193}},"type":"if","locations":[{"start":{"line":16,"column":132},"end":{"line":16,"column":193}},{"start":{"line":16,"column":132},"end":{"line":16,"column":193}}],"line":16}},"s":{"0":1,"1":1,"2":1,"3":1,"4":10,"5":0,"6":1,"7":1,"8":2,"9":2,"10":2,"11":2,"12":2,"13":2,"14":1,"15":1,"16":1,"17":0,"18":1,"19":1,"20":10,"21":10,"22":1,"23":13,"24":13,"25":13,"26":13,"27":0,"28":0,"29":0,"30":1,"31":1,"32":1},"f":{"0":1,"1":10,"2":1,"3":1,"4":1,"5":10,"6":13,"7":0},"b":{"0":[0,1],"1":[1,1],"2":[0,10],"3":[2,2],"4":[2,0],"5":[1,0],"6":[0,1]},"inputSourceMap":{"version":3,"sources":["fakeUser.js"],"names":["FakeUser","users","password","faker","name","lastName","user","firstName","email","internet","push","admin"],"mappings":";;;;;;;AAAA;;;;;;;;;;IAEMA,Q;;;AACJ,sBAAc;AAAA;;AACZ,SAAKC,KAAL,GAAa,EAAb;AACD;;;;uCAEkB;AACjB,UAAMC,QAAQ,GAAGC,kBAAMC,IAAN,CAAWC,QAAX,EAAjB;;AACA,UAAMC,IAAI,GAAG;AACXC,QAAAA,SAAS,EAAEJ,kBAAMC,IAAN,CAAWG,SAAX,EADA;AAEXF,QAAAA,QAAQ,EAAEF,kBAAMC,IAAN,CAAWC,QAAX,EAFC;AAGXG,QAAAA,KAAK,EAAEL,kBAAMM,QAAN,CAAeD,KAAf,EAHI;AAIXN,QAAAA,QAAQ,EAARA;AAJW,OAAb;AAMA,WAAKD,KAAL,CAAWS,IAAX,CAAgBJ,IAAhB;AACA,aAAOA,IAAP;AACD;;;oCAEe;AACd,UAAMA,IAAI,GAAG;AACXE,QAAAA,KAAK,EAAE,4BADI;AAEXN,QAAAA,QAAQ,EAAE;AAFC,OAAb;AAIA,WAAKS,KAAL,GAAaL,IAAb;AACA,aAAOA,IAAP;AACD;;;;;;eAEYN,Q","sourceRoot":"e:\\Engineering\\Research\\Programming\\Andela\\Stackup\\Papel\\server\\mock","sourcesContent":["import faker from 'faker';\r\n\r\nclass FakeUser {\r\n  constructor() {\r\n    this.users = [];\r\n  }\r\n\r\n  generateFakeUser() {\r\n    const password = faker.name.lastName();\r\n    const user = {\r\n      firstName: faker.name.firstName(),\r\n      lastName: faker.name.lastName(),\r\n      email: faker.internet.email(),\r\n      password\r\n    };\r\n    this.users.push(user);\r\n    return user;\r\n  }\r\n\r\n  generateAdmin() {\r\n    const user = {\r\n      email: 'francoismugorozi@gmail.com',\r\n      password: 'adminpass'\r\n    };\r\n    this.admin = user;\r\n    return user;\r\n  }\r\n}\r\nexport default FakeUser;\r\n"]},"_coverageSchema":"1a1c01bbd47fc00a2c39e90264f33305004495a9","hash":"5807e4ed735edf5426838bd722cbcca61c6dea99","contentHash":"8eb363b71dad0ea3988a0360dac481faa16f6941004de3c80fa3152b1b01e6ba"},"e:\\Engineering\\Research\\Programming\\Andela\\Stackup\\Papel\\server\\mock\\fakeAccount.js":{"path":"e:\\Engineering\\Research\\Programming\\Andela\\Stackup\\Papel\\server\\mock\\fakeAccount.js","statementMap":{"0":{"start":{"line":3,"column":0},"end":{"line":5,"column":3}},"1":{"start":{"line":6,"column":0},"end":{"line":6,"column":28}},"2":{"start":{"line":8,"column":13},"end":{"line":8,"column":53}},"3":{"start":{"line":10,"column":39},"end":{"line":10,"column":95}},"4":{"start":{"line":12,"column":50},"end":{"line":12,"column":151}},"5":{"start":{"line":12,"column":92},"end":{"line":12,"column":149}},"6":{"start":{"line":14,"column":44},"end":{"line":14,"column":315}},"7":{"start":{"line":14,"column":57},"end":{"line":14,"column":58}},"8":{"start":{"line":14,"column":102},"end":{"line":14,"column":110}},"9":{"start":{"line":14,"column":112},"end":{"line":14,"column":167}},"10":{"start":{"line":14,"column":168},"end":{"line":14,"column":199}},"11":{"start":{"line":14,"column":200},"end":{"line":14,"column":254}},"12":{"start":{"line":14,"column":227},"end":{"line":14,"column":254}},"13":{"start":{"line":14,"column":255},"end":{"line":14,"column":313}},"14":{"start":{"line":16,"column":62},"end":{"line":16,"column":131}},"15":{"start":{"line":16,"column":78},"end":{"line":16,"column":131}},"16":{"start":{"line":16,"column":132},"end":{"line":16,"column":193}},"17":{"start":{"line":16,"column":149},"end":{"line":16,"column":193}},"18":{"start":{"line":16,"column":194},"end":{"line":16,"column":213}},"19":{"start":{"line":20,"column":0},"end":{"line":40,"column":3}},"20":{"start":{"line":22,"column":4},"end":{"line":22,"column":39}},"21":{"start":{"line":24,"column":4},"end":{"line":24,"column":23}},"22":{"start":{"line":27,"column":2},"end":{"line":37,"column":6}},"23":{"start":{"line":30,"column":20},"end":{"line":33,"column":7}},"24":{"start":{"line":34,"column":6},"end":{"line":34,"column":34}},"25":{"start":{"line":35,"column":6},"end":{"line":35,"column":21}},"26":{"start":{"line":39,"column":2},"end":{"line":39,"column":21}},"27":{"start":{"line":42,"column":15},"end":{"line":42,"column":26}},"28":{"start":{"line":43,"column":0},"end":{"line":43,"column":30}}},"fnMap":{"0":{"name":"_interopRequireDefault","decl":{"start":{"line":10,"column":9},"end":{"line":10,"column":31}},"loc":{"start":{"line":10,"column":37},"end":{"line":10,"column":97}},"line":10},"1":{"name":"_classCallCheck","decl":{"start":{"line":12,"column":9},"end":{"line":12,"column":24}},"loc":{"start":{"line":12,"column":48},"end":{"line":12,"column":153}},"line":12},"2":{"name":"_defineProperties","decl":{"start":{"line":14,"column":9},"end":{"line":14,"column":26}},"loc":{"start":{"line":14,"column":42},"end":{"line":14,"column":317}},"line":14},"3":{"name":"_createClass","decl":{"start":{"line":16,"column":9},"end":{"line":16,"column":21}},"loc":{"start":{"line":16,"column":60},"end":{"line":16,"column":215}},"line":16},"4":{"name":"(anonymous_4)","decl":{"start":{"line":20,"column":0},"end":{"line":20,"column":1}},"loc":{"start":{"line":20,"column":12},"end":{"line":40,"column":1}},"line":20},"5":{"name":"FakeAccount","decl":{"start":{"line":21,"column":11},"end":{"line":21,"column":22}},"loc":{"start":{"line":21,"column":25},"end":{"line":25,"column":3}},"line":21},"6":{"name":"generateFakeAccount","decl":{"start":{"line":29,"column":20},"end":{"line":29,"column":39}},"loc":{"start":{"line":29,"column":42},"end":{"line":36,"column":5}},"line":29}},"branchMap":{"0":{"loc":{"start":{"line":10,"column":46},"end":{"line":10,"column":94}},"type":"cond-expr","locations":[{"start":{"line":10,"column":70},"end":{"line":10,"column":73}},{"start":{"line":10,"column":76},"end":{"line":10,"column":94}}],"line":10},"1":{"loc":{"start":{"line":10,"column":46},"end":{"line":10,"column":67}},"type":"binary-expr","locations":[{"start":{"line":10,"column":46},"end":{"line":10,"column":49}},{"start":{"line":10,"column":53},"end":{"line":10,"column":67}}],"line":10},"2":{"loc":{"start":{"line":12,"column":50},"end":{"line":12,"column":151}},"type":"if","locations":[{"start":{"line":12,"column":50},"end":{"line":12,"column":151}},{"start":{"line":12,"column":50},"end":{"line":12,"column":151}}],"line":12},"3":{"loc":{"start":{"line":14,"column":136},"end":{"line":14,"column":166}},"type":"binary-expr","locations":[{"start":{"line":14,"column":136},"end":{"line":14,"column":157}},{"start":{"line":14,"column":161},"end":{"line":14,"column":166}}],"line":14},"4":{"loc":{"start":{"line":14,"column":200},"end":{"line":14,"column":254}},"type":"if","locations":[{"start":{"line":14,"column":200},"end":{"line":14,"column":254}},{"start":{"line":14,"column":200},"end":{"line":14,"column":254}}],"line":14},"5":{"loc":{"start":{"line":16,"column":62},"end":{"line":16,"column":131}},"type":"if","locations":[{"start":{"line":16,"column":62},"end":{"line":16,"column":131}},{"start":{"line":16,"column":62},"end":{"line":16,"column":131}}],"line":16},"6":{"loc":{"start":{"line":16,"column":132},"end":{"line":16,"column":193}},"type":"if","locations":[{"start":{"line":16,"column":132},"end":{"line":16,"column":193}},{"start":{"line":16,"column":132},"end":{"line":16,"column":193}}],"line":16}},"s":{"0":1,"1":1,"2":1,"3":1,"4":6,"5":0,"6":1,"7":1,"8":1,"9":1,"10":1,"11":1,"12":1,"13":1,"14":1,"15":1,"16":1,"17":0,"18":1,"19":1,"20":6,"21":6,"22":1,"23":6,"24":6,"25":6,"26":1,"27":1,"28":1},"f":{"0":1,"1":6,"2":1,"3":1,"4":1,"5":6,"6":6},"b":{"0":[0,1],"1":[1,1],"2":[0,6],"3":[1,1],"4":[1,0],"5":[1,0],"6":[0,1]},"inputSourceMap":{"version":3,"sources":["fakeAccount.js"],"names":["FakeAccount","accounts","account","accountName","faker","name","title","type","push"],"mappings":";;;;;;;AAAA;;;;;;;;;;IAEMA,W;;;AACJ,yBAAc;AAAA;;AACZ,SAAKC,QAAL,GAAgB,EAAhB;AACD;;;;0CAEqB;AACpB,UAAMC,OAAO,GAAG;AACdC,QAAAA,WAAW,EAAEC,kBAAMC,IAAN,CAAWC,KAAX,EADC;AAEdC,QAAAA,IAAI,EAAE;AAFQ,OAAhB;AAIA,WAAKN,QAAL,CAAcO,IAAd,CAAmBN,OAAnB;AACA,aAAOA,OAAP;AACD;;;;;;eAEYF,W","sourceRoot":"e:\\Engineering\\Research\\Programming\\Andela\\Stackup\\Papel\\server\\mock","sourcesContent":["import faker from 'faker';\r\n\r\nclass FakeAccount {\r\n  constructor() {\r\n    this.accounts = [];\r\n  }\r\n\r\n  generateFakeAccount() {\r\n    const account = {\r\n      accountName: faker.name.title(),\r\n      type: 'loan'\r\n    };\r\n    this.accounts.push(account);\r\n    return account;\r\n  }\r\n}\r\nexport default FakeAccount;\r\n"]},"_coverageSchema":"1a1c01bbd47fc00a2c39e90264f33305004495a9","hash":"88b1df567f900a8942cc54cff4a4d6b853cffc44","contentHash":"88f5e54fd120065f23577ba5b5d3a7167eb3159212f6235cc3165dedf8bd3683"},"e:\\Engineering\\Research\\Programming\\Andela\\Stackup\\Papel\\server\\mock\\fakeTrans.js":{"path":"e:\\Engineering\\Research\\Programming\\Andela\\Stackup\\Papel\\server\\mock\\fakeTrans.js","statementMap":{"0":{"start":{"line":3,"column":0},"end":{"line":5,"column":3}},"1":{"start":{"line":6,"column":0},"end":{"line":6,"column":28}},"2":{"start":{"line":8,"column":13},"end":{"line":8,"column":53}},"3":{"start":{"line":10,"column":39},"end":{"line":10,"column":95}},"4":{"start":{"line":12,"column":50},"end":{"line":12,"column":151}},"5":{"start":{"line":12,"column":92},"end":{"line":12,"column":149}},"6":{"start":{"line":14,"column":44},"end":{"line":14,"column":315}},"7":{"start":{"line":14,"column":57},"end":{"line":14,"column":58}},"8":{"start":{"line":14,"column":102},"end":{"line":14,"column":110}},"9":{"start":{"line":14,"column":112},"end":{"line":14,"column":167}},"10":{"start":{"line":14,"column":168},"end":{"line":14,"column":199}},"11":{"start":{"line":14,"column":200},"end":{"line":14,"column":254}},"12":{"start":{"line":14,"column":227},"end":{"line":14,"column":254}},"13":{"start":{"line":14,"column":255},"end":{"line":14,"column":313}},"14":{"start":{"line":16,"column":62},"end":{"line":16,"column":131}},"15":{"start":{"line":16,"column":78},"end":{"line":16,"column":131}},"16":{"start":{"line":16,"column":132},"end":{"line":16,"column":193}},"17":{"start":{"line":16,"column":149},"end":{"line":16,"column":193}},"18":{"start":{"line":16,"column":194},"end":{"line":16,"column":213}},"19":{"start":{"line":20,"column":0},"end":{"line":40,"column":3}},"20":{"start":{"line":22,"column":4},"end":{"line":22,"column":37}},"21":{"start":{"line":24,"column":4},"end":{"line":24,"column":27}},"22":{"start":{"line":27,"column":2},"end":{"line":37,"column":6}},"23":{"start":{"line":30,"column":18},"end":{"line":33,"column":7}},"24":{"start":{"line":34,"column":6},"end":{"line":34,"column":36}},"25":{"start":{"line":35,"column":6},"end":{"line":35,"column":19}},"26":{"start":{"line":39,"column":2},"end":{"line":39,"column":19}},"27":{"start":{"line":42,"column":15},"end":{"line":42,"column":24}},"28":{"start":{"line":43,"column":0},"end":{"line":43,"column":30}}},"fnMap":{"0":{"name":"_interopRequireDefault","decl":{"start":{"line":10,"column":9},"end":{"line":10,"column":31}},"loc":{"start":{"line":10,"column":37},"end":{"line":10,"column":97}},"line":10},"1":{"name":"_classCallCheck","decl":{"start":{"line":12,"column":9},"end":{"line":12,"column":24}},"loc":{"start":{"line":12,"column":48},"end":{"line":12,"column":153}},"line":12},"2":{"name":"_defineProperties","decl":{"start":{"line":14,"column":9},"end":{"line":14,"column":26}},"loc":{"start":{"line":14,"column":42},"end":{"line":14,"column":317}},"line":14},"3":{"name":"_createClass","decl":{"start":{"line":16,"column":9},"end":{"line":16,"column":21}},"loc":{"start":{"line":16,"column":60},"end":{"line":16,"column":215}},"line":16},"4":{"name":"(anonymous_4)","decl":{"start":{"line":20,"column":0},"end":{"line":20,"column":1}},"loc":{"start":{"line":20,"column":12},"end":{"line":40,"column":1}},"line":20},"5":{"name":"FakeTrans","decl":{"start":{"line":21,"column":11},"end":{"line":21,"column":20}},"loc":{"start":{"line":21,"column":23},"end":{"line":25,"column":3}},"line":21},"6":{"name":"generateFakeTrans","decl":{"start":{"line":29,"column":20},"end":{"line":29,"column":37}},"loc":{"start":{"line":29,"column":40},"end":{"line":36,"column":5}},"line":29}},"branchMap":{"0":{"loc":{"start":{"line":10,"column":46},"end":{"line":10,"column":94}},"type":"cond-expr","locations":[{"start":{"line":10,"column":70},"end":{"line":10,"column":73}},{"start":{"line":10,"column":76},"end":{"line":10,"column":94}}],"line":10},"1":{"loc":{"start":{"line":10,"column":46},"end":{"line":10,"column":67}},"type":"binary-expr","locations":[{"start":{"line":10,"column":46},"end":{"line":10,"column":49}},{"start":{"line":10,"column":53},"end":{"line":10,"column":67}}],"line":10},"2":{"loc":{"start":{"line":12,"column":50},"end":{"line":12,"column":151}},"type":"if","locations":[{"start":{"line":12,"column":50},"end":{"line":12,"column":151}},{"start":{"line":12,"column":50},"end":{"line":12,"column":151}}],"line":12},"3":{"loc":{"start":{"line":14,"column":136},"end":{"line":14,"column":166}},"type":"binary-expr","locations":[{"start":{"line":14,"column":136},"end":{"line":14,"column":157}},{"start":{"line":14,"column":161},"end":{"line":14,"column":166}}],"line":14},"4":{"loc":{"start":{"line":14,"column":200},"end":{"line":14,"column":254}},"type":"if","locations":[{"start":{"line":14,"column":200},"end":{"line":14,"column":254}},{"start":{"line":14,"column":200},"end":{"line":14,"column":254}}],"line":14},"5":{"loc":{"start":{"line":16,"column":62},"end":{"line":16,"column":131}},"type":"if","locations":[{"start":{"line":16,"column":62},"end":{"line":16,"column":131}},{"start":{"line":16,"column":62},"end":{"line":16,"column":131}}],"line":16},"6":{"loc":{"start":{"line":16,"column":132},"end":{"line":16,"column":193}},"type":"if","locations":[{"start":{"line":16,"column":132},"end":{"line":16,"column":193}},{"start":{"line":16,"column":132},"end":{"line":16,"column":193}}],"line":16}},"s":{"0":1,"1":1,"2":1,"3":1,"4":1,"5":0,"6":1,"7":1,"8":1,"9":1,"10":1,"11":1,"12":1,"13":1,"14":1,"15":1,"16":1,"17":0,"18":1,"19":1,"20":1,"21":1,"22":1,"23":1,"24":1,"25":1,"26":1,"27":1,"28":1},"f":{"0":1,"1":1,"2":1,"3":1,"4":1,"5":1,"6":1},"b":{"0":[0,1],"1":[1,1],"2":[0,1],"3":[1,1],"4":[1,0],"5":[1,0],"6":[0,1]},"inputSourceMap":{"version":3,"sources":["fakeTrans.js"],"names":["FakeTrans","transactions","trans","type","amount","faker","random","number","push"],"mappings":";;;;;;;AAAA;;;;;;;;;;IAEMA,S;;;AACJ,uBAAc;AAAA;;AACZ,SAAKC,YAAL,GAAoB,EAApB;AACD;;;;wCAEmB;AAClB,UAAMC,KAAK,GAAG;AACZC,QAAAA,IAAI,EAAE,OADM;AAEZC,QAAAA,MAAM,EAAEC,kBAAMC,MAAN,CAAaC,MAAb;AAFI,OAAd;AAIA,WAAKN,YAAL,CAAkBO,IAAlB,CAAuBN,KAAvB;AACA,aAAOA,KAAP;AACD;;;;;;eAEYF,S","sourceRoot":"e:\\Engineering\\Research\\Programming\\Andela\\Stackup\\Papel\\server\\mock","sourcesContent":["import faker from 'faker';\r\n\r\nclass FakeTrans {\r\n  constructor() {\r\n    this.transactions = [];\r\n  }\r\n\r\n  generateFakeTrans() {\r\n    const trans = {\r\n      type: 'debit',\r\n      amount: faker.random.number()\r\n    };\r\n    this.transactions.push(trans);\r\n    return trans;\r\n  }\r\n}\r\nexport default FakeTrans;\r\n"]},"_coverageSchema":"1a1c01bbd47fc00a2c39e90264f33305004495a9","hash":"e0548c935e6b58c926a38d8b85b244f8536395c5","contentHash":"3b3bd5f7bc7b922d1856e5918f23121e8ac098952f9b14abffdb09d5520480b8"}}